#-----------------------------------------------------------
# Vivado v2017.3 (64-bit)
# SW Build 2018833 on Wed Oct  4 19:58:07 MDT 2017
# IP Build 2016188 on Wed Oct  4 21:52:56 MDT 2017
# Start of session at: Mon May  7 17:05:57 2018
# Process ID: 5794
# Current directory: /home/adadek/SoC_Design
# Command line: vivado
# Log file: /home/adadek/SoC_Design/vivado.log
# Journal file: /home/adadek/SoC_Design/vivado.jou
#-----------------------------------------------------------
start_gui
open_project /home/adadek/SoC_Design/vivado/soc_project.xpr
Scanning sources...
Finished scanning sources
INFO: [IP_Flow 19-234] Refreshing IP repositories
INFO: [IP_Flow 19-1700] Loaded user IP repository '/home/adadek/SoC_Design/IPs/zedboard_audio'.
INFO: [IP_Flow 19-2313] Loaded Vivado IP repository '/cad/x_17/Vivado/2017.3/data/ip'.
WARNING: [IP_Flow 19-3664] IP 'soc_project_processing_system7_0_0' generated file not found '/home/adadek/SoC_Design/vivado/soc_project.srcs/sources_1/bd/soc_project/ip/soc_project_processing_system7_0_0/soc_project_processing_system7_0_0.xdc'. Please regenerate to continue.
WARNING: [IP_Flow 19-3664] IP 'soc_project_processing_system7_0_0' generated file not found '/home/adadek/SoC_Design/vivado/soc_project.srcs/sources_1/bd/soc_project/ip/soc_project_processing_system7_0_0/hdl/verilog/soc_project_processing_system7_0_0.hwdef'. Please regenerate to continue.
WARNING: [IP_Flow 19-3664] IP 'soc_project_processing_system7_0_0' generated file not found '/home/adadek/SoC_Design/vivado/soc_project.srcs/sources_1/bd/soc_project/ip/soc_project_processing_system7_0_0/ps7_init.c'. Please regenerate to continue.
WARNING: [IP_Flow 19-3664] IP 'soc_project_processing_system7_0_0' generated file not found '/home/adadek/SoC_Design/vivado/soc_project.srcs/sources_1/bd/soc_project/ip/soc_project_processing_system7_0_0/ps7_init.h'. Please regenerate to continue.
WARNING: [IP_Flow 19-3664] IP 'soc_project_processing_system7_0_0' generated file not found '/home/adadek/SoC_Design/vivado/soc_project.srcs/sources_1/bd/soc_project/ip/soc_project_processing_system7_0_0/ps7_init_gpl.c'. Please regenerate to continue.
WARNING: [IP_Flow 19-3664] IP 'soc_project_processing_system7_0_0' generated file not found '/home/adadek/SoC_Design/vivado/soc_project.srcs/sources_1/bd/soc_project/ip/soc_project_processing_system7_0_0/ps7_init_gpl.h'. Please regenerate to continue.
WARNING: [IP_Flow 19-3664] IP 'soc_project_processing_system7_0_0' generated file not found '/home/adadek/SoC_Design/vivado/soc_project.srcs/sources_1/bd/soc_project/ip/soc_project_processing_system7_0_0/ps7_init.tcl'. Please regenerate to continue.
WARNING: [IP_Flow 19-3664] IP 'soc_project_processing_system7_0_0' generated file not found '/home/adadek/SoC_Design/vivado/soc_project.srcs/sources_1/bd/soc_project/ip/soc_project_processing_system7_0_0/ps7_init.html'. Please regenerate to continue.
WARNING: [IP_Flow 19-3664] IP 'soc_project_processing_system7_0_0' generated file not found '/home/adadek/SoC_Design/vivado/soc_project.srcs/sources_1/bd/soc_project/ipshared/8fd3/hdl/verilog/processing_system7_v5_5_aw_atc.v'. Please regenerate to continue.
WARNING: [IP_Flow 19-3664] IP 'soc_project_processing_system7_0_0' generated file not found '/home/adadek/SoC_Design/vivado/soc_project.srcs/sources_1/bd/soc_project/ipshared/8fd3/hdl/verilog/processing_system7_v5_5_b_atc.v'. Please regenerate to continue.
WARNING: [IP_Flow 19-3664] IP 'soc_project_processing_system7_0_0' generated file not found '/home/adadek/SoC_Design/vivado/soc_project.srcs/sources_1/bd/soc_project/ipshared/8fd3/hdl/verilog/processing_system7_v5_5_w_atc.v'. Please regenerate to continue.
WARNING: [IP_Flow 19-3664] IP 'soc_project_processing_system7_0_0' generated file not found '/home/adadek/SoC_Design/vivado/soc_project.srcs/sources_1/bd/soc_project/ipshared/8fd3/hdl/verilog/processing_system7_v5_5_atc.v'. Please regenerate to continue.
WARNING: [IP_Flow 19-3664] IP 'soc_project_processing_system7_0_0' generated file not found '/home/adadek/SoC_Design/vivado/soc_project.srcs/sources_1/bd/soc_project/ipshared/8fd3/hdl/verilog/processing_system7_v5_5_trace_buffer.v'. Please regenerate to continue.
WARNING: [IP_Flow 19-3664] IP 'soc_project_processing_system7_0_0' generated file not found '/home/adadek/SoC_Design/vivado/soc_project.srcs/sources_1/bd/soc_project/ip/soc_project_processing_system7_0_0/hdl/verilog/processing_system7_v5_5_processing_system7.v'. Please regenerate to continue.
WARNING: [IP_Flow 19-3664] IP 'soc_project_processing_system7_0_0' generated file not found '/home/adadek/SoC_Design/vivado/soc_project.srcs/sources_1/bd/soc_project/ip/soc_project_processing_system7_0_0/synth/soc_project_processing_system7_0_0.v'. Please regenerate to continue.
WARNING: [IP_Flow 19-3664] IP 'soc_project_processing_system7_0_0' generated file not found '/home/adadek/SoC_Design/vivado/soc_project.srcs/sources_1/bd/soc_project/ipshared/ec67/hdl/axi_infrastructure_v1_1_0.vh'. Please regenerate to continue.
WARNING: [IP_Flow 19-3664] IP 'soc_project_processing_system7_0_0' generated file not found '/home/adadek/SoC_Design/vivado/soc_project.srcs/sources_1/bd/soc_project/ipshared/ec67/hdl/axi_infrastructure_v1_1_vl_rfs.v'. Please regenerate to continue.
WARNING: [IP_Flow 19-3664] IP 'soc_project_processing_system7_0_0' generated file not found '/home/adadek/SoC_Design/vivado/soc_project.srcs/sources_1/bd/soc_project/ipshared/d5d3/hdl/verilog/sc_util_v1_0_2_constants.vh'. Please regenerate to continue.
WARNING: [IP_Flow 19-3664] IP 'soc_project_processing_system7_0_0' generated file not found '/home/adadek/SoC_Design/vivado/soc_project.srcs/sources_1/bd/soc_project/ipshared/d5d3/hdl/verilog/sc_util_v1_0_2_structs.svh'. Please regenerate to continue.
WARNING: [IP_Flow 19-3664] IP 'soc_project_processing_system7_0_0' generated file not found '/home/adadek/SoC_Design/vivado/soc_project.srcs/sources_1/bd/soc_project/ipshared/d5d3/hdl/sc_util_v1_0_vl_rfs.sv'. Please regenerate to continue.
WARNING: [IP_Flow 19-3664] IP 'soc_project_processing_system7_0_0' generated file not found '/home/adadek/SoC_Design/vivado/soc_project.srcs/sources_1/bd/soc_project/ipshared/d5c1/hdl/axi_protocol_checker_v2_0_vl_rfs.sv'. Please regenerate to continue.
WARNING: [IP_Flow 19-3664] IP 'soc_project_processing_system7_0_0' generated file not found '/home/adadek/SoC_Design/vivado/soc_project.srcs/sources_1/bd/soc_project/ipshared/8b42/hdl/axi_vip_v1_1_vl_rfs.sv'. Please regenerate to continue.
WARNING: [IP_Flow 19-3664] IP 'soc_project_processing_system7_0_0' generated file not found '/home/adadek/SoC_Design/vivado/soc_project.srcs/sources_1/bd/soc_project/ipshared/e0a2/hdl/processing_system7_vip_v1_0_2_local_params.v'. Please regenerate to continue.
WARNING: [IP_Flow 19-3664] IP 'soc_project_processing_system7_0_0' generated file not found '/home/adadek/SoC_Design/vivado/soc_project.srcs/sources_1/bd/soc_project/ipshared/e0a2/hdl/processing_system7_vip_v1_0_vl_rfs.sv'. Please regenerate to continue.
WARNING: [IP_Flow 19-3664] IP 'soc_project_processing_system7_0_0' generated file not found '/home/adadek/SoC_Design/vivado/soc_project.srcs/sources_1/bd/soc_project/ipshared/e0a2/hdl/processing_system7_vip_v1_0_2_reg_params.v'. Please regenerate to continue.
WARNING: [IP_Flow 19-3664] IP 'soc_project_processing_system7_0_0' generated file not found '/home/adadek/SoC_Design/vivado/soc_project.srcs/sources_1/bd/soc_project/ipshared/e0a2/hdl/processing_system7_vip_v1_0_2_reg_init.v'. Please regenerate to continue.
WARNING: [IP_Flow 19-3664] IP 'soc_project_processing_system7_0_0' generated file not found '/home/adadek/SoC_Design/vivado/soc_project.srcs/sources_1/bd/soc_project/ipshared/e0a2/hdl/processing_system7_vip_v1_0_2_apis.v'. Please regenerate to continue.
WARNING: [IP_Flow 19-3664] IP 'soc_project_processing_system7_0_0' generated file not found '/home/adadek/SoC_Design/vivado/soc_project.srcs/sources_1/bd/soc_project/ipshared/e0a2/hdl/processing_system7_vip_v1_0_2_unused_ports.v'. Please regenerate to continue.
WARNING: [IP_Flow 19-3664] IP 'soc_project_processing_system7_0_0' generated file not found '/home/adadek/SoC_Design/vivado/soc_project.srcs/sources_1/bd/soc_project/ipshared/e0a2/hdl/processing_system7_vip_v1_0_2_axi_gp.v'. Please regenerate to continue.
WARNING: [IP_Flow 19-3664] IP 'soc_project_processing_system7_0_0' generated file not found '/home/adadek/SoC_Design/vivado/soc_project.srcs/sources_1/bd/soc_project/ipshared/e0a2/hdl/processing_system7_vip_v1_0_2_axi_acp.v'. Please regenerate to continue.
WARNING: [IP_Flow 19-3664] IP 'soc_project_processing_system7_0_0' generated file not found '/home/adadek/SoC_Design/vivado/soc_project.srcs/sources_1/bd/soc_project/ipshared/e0a2/hdl/processing_system7_vip_v1_0_2_axi_hp.v'. Please regenerate to continue.
WARNING: [IP_Flow 19-3664] IP 'soc_project_processing_system7_0_0' generated file not found '/home/adadek/SoC_Design/vivado/soc_project.srcs/sources_1/bd/soc_project/ip/soc_project_processing_system7_0_0/sim/libps7.so'. Please regenerate to continue.
WARNING: [IP_Flow 19-3664] IP 'soc_project_processing_system7_0_0' generated file not found '/home/adadek/SoC_Design/vivado/soc_project.srcs/sources_1/bd/soc_project/ip/soc_project_processing_system7_0_0/sim/libps7.dll'. Please regenerate to continue.
WARNING: [IP_Flow 19-3664] IP 'soc_project_processing_system7_0_0' generated file not found '/home/adadek/SoC_Design/vivado/soc_project.srcs/sources_1/bd/soc_project/ip/soc_project_processing_system7_0_0/sim/libremoteport.so'. Please regenerate to continue.
WARNING: [IP_Flow 19-3664] IP 'soc_project_processing_system7_0_0' generated file not found '/home/adadek/SoC_Design/vivado/soc_project.srcs/sources_1/bd/soc_project/ip/soc_project_processing_system7_0_0/sim/libremoteport.dll'. Please regenerate to continue.
WARNING: [IP_Flow 19-3664] IP 'soc_project_processing_system7_0_0' generated file not found '/home/adadek/SoC_Design/vivado/soc_project.srcs/sources_1/bd/soc_project/ip/soc_project_processing_system7_0_0/sim/soc_project_processing_system7_0_0.v'. Please regenerate to continue.
WARNING: [IP_Flow 19-3664] IP 'soc_project_processing_system7_0_0' generated file not found '/home/adadek/SoC_Design/vivado/soc_project.srcs/sources_1/bd/soc_project/ip/soc_project_processing_system7_0_0/sim/soc_project_processing_system7_0_0.sv'. Please regenerate to continue.
WARNING: [IP_Flow 19-3664] IP 'soc_project_processing_system7_0_0' generated file not found '/home/adadek/SoC_Design/vivado/soc_project.srcs/sources_1/bd/soc_project/ip/soc_project_processing_system7_0_0/soc_project_processing_system7_0_0.dcp'. Please regenerate to continue.
WARNING: [IP_Flow 19-3664] IP 'soc_project_processing_system7_0_0' generated file not found '/home/adadek/SoC_Design/vivado/soc_project.srcs/sources_1/bd/soc_project/ip/soc_project_processing_system7_0_0/soc_project_processing_system7_0_0_stub.v'. Please regenerate to continue.
WARNING: [IP_Flow 19-3664] IP 'soc_project_processing_system7_0_0' generated file not found '/home/adadek/SoC_Design/vivado/soc_project.srcs/sources_1/bd/soc_project/ip/soc_project_processing_system7_0_0/soc_project_processing_system7_0_0_stub.vhdl'. Please regenerate to continue.
WARNING: [IP_Flow 19-3664] IP 'soc_project_processing_system7_0_0' generated file not found '/home/adadek/SoC_Design/vivado/soc_project.srcs/sources_1/bd/soc_project/ip/soc_project_processing_system7_0_0/soc_project_processing_system7_0_0_sim_netlist.v'. Please regenerate to continue.
WARNING: [IP_Flow 19-3664] IP 'soc_project_processing_system7_0_0' generated file not found '/home/adadek/SoC_Design/vivado/soc_project.srcs/sources_1/bd/soc_project/ip/soc_project_processing_system7_0_0/soc_project_processing_system7_0_0_sim_netlist.vhdl'. Please regenerate to continue.
WARNING: [IP_Flow 19-3664] IP 'soc_project_zed_audio_0_0' generated file not found '/home/adadek/SoC_Design/vivado/soc_project.srcs/sources_1/bd/soc_project/ipshared/6bc0/hdl/ADAU1761_interface.vhd'. Please regenerate to continue.
WARNING: [IP_Flow 19-3664] IP 'soc_project_zed_audio_0_0' generated file not found '/home/adadek/SoC_Design/vivado/soc_project.srcs/sources_1/bd/soc_project/ipshared/6bc0/hdl/adau1761_configuraiton_data.vhd'. Please regenerate to continue.
WARNING: [IP_Flow 19-3664] IP 'soc_project_zed_audio_0_0' generated file not found '/home/adadek/SoC_Design/vivado/soc_project.srcs/sources_1/bd/soc_project/ipshared/6bc0/hdl/adau1761_izedboard.vhd'. Please regenerate to continue.
WARNING: [IP_Flow 19-3664] IP 'soc_project_zed_audio_0_0' generated file not found '/home/adadek/SoC_Design/vivado/soc_project.srcs/sources_1/bd/soc_project/ipshared/6bc0/hdl/audio_top.vhd'. Please regenerate to continue.
WARNING: [IP_Flow 19-3664] IP 'soc_project_zed_audio_0_0' generated file not found '/home/adadek/SoC_Design/vivado/soc_project.srcs/sources_1/bd/soc_project/ipshared/6bc0/hdl/clocking.vhd'. Please regenerate to continue.
WARNING: [IP_Flow 19-3664] IP 'soc_project_zed_audio_0_0' generated file not found '/home/adadek/SoC_Design/vivado/soc_project.srcs/sources_1/bd/soc_project/ipshared/6bc0/hdl/i2c.vhd'. Please regenerate to continue.
WARNING: [IP_Flow 19-3664] IP 'soc_project_zed_audio_0_0' generated file not found '/home/adadek/SoC_Design/vivado/soc_project.srcs/sources_1/bd/soc_project/ipshared/6bc0/hdl/i2s_data_interface.vhd'. Please regenerate to continue.
WARNING: [IP_Flow 19-3664] IP 'soc_project_zed_audio_0_0' generated file not found '/home/adadek/SoC_Design/vivado/soc_project.srcs/sources_1/bd/soc_project/ipshared/6bc0/hdl/i3c2.vhd'. Please regenerate to continue.
WARNING: [IP_Flow 19-3664] IP 'soc_project_zed_audio_0_0' generated file not found '/home/adadek/SoC_Design/vivado/soc_project.srcs/sources_1/bd/soc_project/ip/soc_project_zed_audio_0_0/synth/soc_project_zed_audio_0_0.vhd'. Please regenerate to continue.
WARNING: [IP_Flow 19-3664] IP 'soc_project_zed_audio_0_0' generated file not found '/home/adadek/SoC_Design/vivado/soc_project.srcs/sources_1/bd/soc_project/ipshared/6bc0/hdl/ADAU1761_interface.vhd'. Please regenerate to continue.
WARNING: [IP_Flow 19-3664] IP 'soc_project_zed_audio_0_0' generated file not found '/home/adadek/SoC_Design/vivado/soc_project.srcs/sources_1/bd/soc_project/ipshared/6bc0/hdl/adau1761_configuraiton_data.vhd'. Please regenerate to continue.
WARNING: [IP_Flow 19-3664] IP 'soc_project_zed_audio_0_0' generated file not found '/home/adadek/SoC_Design/vivado/soc_project.srcs/sources_1/bd/soc_project/ipshared/6bc0/hdl/adau1761_izedboard.vhd'. Please regenerate to continue.
WARNING: [IP_Flow 19-3664] IP 'soc_project_zed_audio_0_0' generated file not found '/home/adadek/SoC_Design/vivado/soc_project.srcs/sources_1/bd/soc_project/ipshared/6bc0/hdl/audio_top.vhd'. Please regenerate to continue.
WARNING: [IP_Flow 19-3664] IP 'soc_project_zed_audio_0_0' generated file not found '/home/adadek/SoC_Design/vivado/soc_project.srcs/sources_1/bd/soc_project/ipshared/6bc0/hdl/clocking.vhd'. Please regenerate to continue.
WARNING: [IP_Flow 19-3664] IP 'soc_project_zed_audio_0_0' generated file not found '/home/adadek/SoC_Design/vivado/soc_project.srcs/sources_1/bd/soc_project/ipshared/6bc0/hdl/i2c.vhd'. Please regenerate to continue.
WARNING: [IP_Flow 19-3664] IP 'soc_project_zed_audio_0_0' generated file not found '/home/adadek/SoC_Design/vivado/soc_project.srcs/sources_1/bd/soc_project/ipshared/6bc0/hdl/i2s_data_interface.vhd'. Please regenerate to continue.
WARNING: [IP_Flow 19-3664] IP 'soc_project_zed_audio_0_0' generated file not found '/home/adadek/SoC_Design/vivado/soc_project.srcs/sources_1/bd/soc_project/ipshared/6bc0/hdl/i3c2.vhd'. Please regenerate to continue.
WARNING: [IP_Flow 19-3664] IP 'soc_project_zed_audio_0_0' generated file not found '/home/adadek/SoC_Design/vivado/soc_project.srcs/sources_1/bd/soc_project/ip/soc_project_zed_audio_0_0/sim/soc_project_zed_audio_0_0.vhd'. Please regenerate to continue.
WARNING: [IP_Flow 19-3664] IP 'soc_project_zed_audio_0_0' generated file not found '/home/adadek/SoC_Design/vivado/soc_project.srcs/sources_1/bd/soc_project/ip/soc_project_zed_audio_0_0/soc_project_zed_audio_0_0.dcp'. Please regenerate to continue.
WARNING: [IP_Flow 19-3664] IP 'soc_project_zed_audio_0_0' generated file not found '/home/adadek/SoC_Design/vivado/soc_project.srcs/sources_1/bd/soc_project/ip/soc_project_zed_audio_0_0/soc_project_zed_audio_0_0_stub.v'. Please regenerate to continue.
WARNING: [IP_Flow 19-3664] IP 'soc_project_zed_audio_0_0' generated file not found '/home/adadek/SoC_Design/vivado/soc_project.srcs/sources_1/bd/soc_project/ip/soc_project_zed_audio_0_0/soc_project_zed_audio_0_0_stub.vhdl'. Please regenerate to continue.
WARNING: [IP_Flow 19-3664] IP 'soc_project_zed_audio_0_0' generated file not found '/home/adadek/SoC_Design/vivado/soc_project.srcs/sources_1/bd/soc_project/ip/soc_project_zed_audio_0_0/soc_project_zed_audio_0_0_sim_netlist.v'. Please regenerate to continue.
WARNING: [IP_Flow 19-3664] IP 'soc_project_zed_audio_0_0' generated file not found '/home/adadek/SoC_Design/vivado/soc_project.srcs/sources_1/bd/soc_project/ip/soc_project_zed_audio_0_0/soc_project_zed_audio_0_0_sim_netlist.vhdl'. Please regenerate to continue.
WARNING: [IP_Flow 19-3664] IP 'soc_project_xlconstant_0_1' generated file not found '/home/adadek/SoC_Design/vivado/soc_project.srcs/sources_1/bd/soc_project/ipshared/0750/hdl/xlconstant_v1_1_vl_rfs.v'. Please regenerate to continue.
WARNING: [IP_Flow 19-3664] IP 'soc_project_xlconstant_0_1' generated file not found '/home/adadek/SoC_Design/vivado/soc_project.srcs/sources_1/bd/soc_project/ip/soc_project_xlconstant_0_1/synth/soc_project_xlconstant_0_1.v'. Please regenerate to continue.
WARNING: [IP_Flow 19-3664] IP 'soc_project_xlconstant_0_1' generated file not found '/home/adadek/SoC_Design/vivado/soc_project.srcs/sources_1/bd/soc_project/ipshared/0750/hdl/xlconstant_v1_1_vl_rfs.v'. Please regenerate to continue.
WARNING: [IP_Flow 19-3664] IP 'soc_project_xlconstant_0_1' generated file not found '/home/adadek/SoC_Design/vivado/soc_project.srcs/sources_1/bd/soc_project/ip/soc_project_xlconstant_0_1/sim/soc_project_xlconstant_0_1.v'. Please regenerate to continue.
WARNING: [IP_Flow 19-3664] IP 'soc_project_xlconstant_0_1' generated file not found '/home/adadek/SoC_Design/vivado/soc_project.srcs/sources_1/bd/soc_project/ip/soc_project_xlconstant_0_1/soc_project_xlconstant_0_1.dcp'. Please regenerate to continue.
WARNING: [IP_Flow 19-3664] IP 'soc_project_xlconstant_0_1' generated file not found '/home/adadek/SoC_Design/vivado/soc_project.srcs/sources_1/bd/soc_project/ip/soc_project_xlconstant_0_1/soc_project_xlconstant_0_1_stub.v'. Please regenerate to continue.
WARNING: [IP_Flow 19-3664] IP 'soc_project_xlconstant_0_1' generated file not found '/home/adadek/SoC_Design/vivado/soc_project.srcs/sources_1/bd/soc_project/ip/soc_project_xlconstant_0_1/soc_project_xlconstant_0_1_stub.vhdl'. Please regenerate to continue.
WARNING: [IP_Flow 19-3664] IP 'soc_project_xlconstant_0_1' generated file not found '/home/adadek/SoC_Design/vivado/soc_project.srcs/sources_1/bd/soc_project/ip/soc_project_xlconstant_0_1/soc_project_xlconstant_0_1_sim_netlist.v'. Please regenerate to continue.
WARNING: [IP_Flow 19-3664] IP 'soc_project_xlconstant_0_1' generated file not found '/home/adadek/SoC_Design/vivado/soc_project.srcs/sources_1/bd/soc_project/ip/soc_project_xlconstant_0_1/soc_project_xlconstant_0_1_sim_netlist.vhdl'. Please regenerate to continue.
open_project: Time (s): cpu = 00:00:08 ; elapsed = 00:00:06 . Memory (MB): peak = 6064.992 ; gain = 25.438 ; free physical = 4989 ; free virtual = 14284
update_compile_order -fileset sources_1
reset_run synth_1
reset_run soc_project_processing_system7_0_0_synth_1
reset_run soc_project_xlconstant_0_1_synth_1
reset_run soc_project_zed_audio_0_0_synth_1
launch_runs impl_1 -to_step write_bitstream -jobs 2
WARNING: [BD 41-1731] Type mismatch between connected pins: /processing_system7_0/FCLK_CLK0(clk) and /zed_audio_0/clk_100(undef)
Wrote  : </home/adadek/SoC_Design/vivado/soc_project.srcs/sources_1/bd/soc_project/soc_project.bd> 
VHDL Output written to : /home/adadek/SoC_Design/vivado/soc_project.srcs/sources_1/bd/soc_project/synth/soc_project.vhd
VHDL Output written to : /home/adadek/SoC_Design/vivado/soc_project.srcs/sources_1/bd/soc_project/sim/soc_project.vhd
VHDL Output written to : /home/adadek/SoC_Design/vivado/soc_project.srcs/sources_1/bd/soc_project/hdl/soc_project_wrapper.vhd
INFO: [BD 41-1029] Generation completed for the IP Integrator block processing_system7_0 .
INFO: [BD 41-1029] Generation completed for the IP Integrator block zed_audio_0 .
INFO: [BD 41-1029] Generation completed for the IP Integrator block xlconstant_0 .
Exporting to file /home/adadek/SoC_Design/vivado/soc_project.srcs/sources_1/bd/soc_project/hw_handoff/soc_project.hwh
Generated Block Design Tcl file /home/adadek/SoC_Design/vivado/soc_project.srcs/sources_1/bd/soc_project/hw_handoff/soc_project_bd.tcl
Generated Hardware Definition File /home/adadek/SoC_Design/vivado/soc_project.srcs/sources_1/bd/soc_project/synth/soc_project.hwdef
[Mon May  7 17:06:55 2018] Launched soc_project_processing_system7_0_0_synth_1, soc_project_xlconstant_0_1_synth_1, soc_project_zed_audio_0_0_synth_1, synth_1...
Run output will be captured here:
soc_project_processing_system7_0_0_synth_1: /home/adadek/SoC_Design/vivado/soc_project.runs/soc_project_processing_system7_0_0_synth_1/runme.log
soc_project_xlconstant_0_1_synth_1: /home/adadek/SoC_Design/vivado/soc_project.runs/soc_project_xlconstant_0_1_synth_1/runme.log
soc_project_zed_audio_0_0_synth_1: /home/adadek/SoC_Design/vivado/soc_project.runs/soc_project_zed_audio_0_0_synth_1/runme.log
synth_1: /home/adadek/SoC_Design/vivado/soc_project.runs/synth_1/runme.log
[Mon May  7 17:06:55 2018] Launched impl_1...
Run output will be captured here: /home/adadek/SoC_Design/vivado/soc_project.runs/impl_1/runme.log
launch_runs: Time (s): cpu = 00:00:17 ; elapsed = 00:00:16 . Memory (MB): peak = 6283.566 ; gain = 171.402 ; free physical = 4778 ; free virtual = 14081
open_bd_design {/home/adadek/SoC_Design/vivado/soc_project.srcs/sources_1/bd/soc_project/soc_project.bd}
Adding cell -- xilinx.com:ip:processing_system7:5.5 - processing_system7_0
Adding cell -- ttu.ee:user:zed_audio:1.0 - zed_audio_0
Adding cell -- xilinx.com:ip:xlconstant:1.1 - xlconstant_0
WARNING: [BD 41-1731] Type mismatch between connected pins: /processing_system7_0/FCLK_CLK0(clk) and /zed_audio_0/clk_100(undef)
Successfully read diagram <soc_project> from BD file </home/adadek/SoC_Design/vivado/soc_project.srcs/sources_1/bd/soc_project/soc_project.bd>
open_bd_design: Time (s): cpu = 00:00:06 ; elapsed = 00:00:05 . Memory (MB): peak = 6354.113 ; gain = 56.535 ; free physical = 4225 ; free virtual = 13529
file copy -force /home/adadek/SoC_Design/vivado/soc_project.runs/impl_1/soc_project_wrapper.sysdef /home/adadek/SoC_Design/vivado/soc_project.sdk/soc_project_wrapper.hdf

launch_sdk -workspace /home/adadek/SoC_Design/vivado/soc_project.sdk -hwspec /home/adadek/SoC_Design/vivado/soc_project.sdk/soc_project_wrapper.hdf
INFO: [Vivado 12-393] Launching SDK...
INFO: [Vivado 12-417] Running xsdk -workspace /home/adadek/SoC_Design/vivado/soc_project.sdk -hwspec /home/adadek/SoC_Design/vivado/soc_project.sdk/soc_project_wrapper.hdf
INFO: [Vivado 12-3157] SDK launch initiated. Please check console for any further messages.
file mkdir /home/adadek/SoC_Design/vivado/soc_project.sdk
file copy -force /home/adadek/SoC_Design/vivado/soc_project.runs/impl_1/soc_project_wrapper.sysdef /home/adadek/SoC_Design/vivado/soc_project.sdk/soc_project_wrapper.hdf

launch_sdk -workspace /home/adadek/SoC_Design/vivado/soc_project.sdk -hwspec /home/adadek/SoC_Design/vivado/soc_project.sdk/soc_project_wrapper.hdf
INFO: [Vivado 12-393] Launching SDK...
INFO: [Vivado 12-417] Running xsdk -workspace /home/adadek/SoC_Design/vivado/soc_project.sdk -hwspec /home/adadek/SoC_Design/vivado/soc_project.sdk/soc_project_wrapper.hdf
INFO: [Vivado 12-3157] SDK launch initiated. Please check console for any further messages.
exit
INFO: [Common 17-206] Exiting Vivado at Mon May  7 17:18:46 2018...
