
*** Running vivado
    with args -log soc_project_axi_gpio_0_0.vds -m64 -product Vivado -mode batch -messageDb vivado.pb -notrace -source soc_project_axi_gpio_0_0.tcl


****** Vivado v2017.3 (64-bit)
  **** SW Build 2018833 on Wed Oct  4 19:58:07 MDT 2017
  **** IP Build 2016188 on Wed Oct  4 21:52:56 MDT 2017
    ** Copyright 1986-2017 Xilinx, Inc. All Rights Reserved.

source soc_project_axi_gpio_0_0.tcl -notrace
Starting RTL Elaboration : Time (s): cpu = 00:00:06 ; elapsed = 00:00:07 . Memory (MB): peak = 1314.965 ; gain = 86.000 ; free physical = 7709 ; free virtual = 14554
INFO: [Synth 8-638] synthesizing module 'soc_project_axi_gpio_0_0' [/home/adadek/workspace/SoC_Design/vivado/soc_project.srcs/sources_1/bd/soc_project/ip/soc_project_axi_gpio_0_0/synth/soc_project_axi_gpio_0_0.vhd:84]
INFO: [Synth 8-638] synthesizing module 'axi_gpio' [/home/adadek/workspace/SoC_Design/vivado/soc_project.srcs/sources_1/bd/soc_project/ipshared/e9c1/hdl/axi_gpio_v2_0_vh_rfs.vhd:1358]
INFO: [Synth 8-638] synthesizing module 'axi_lite_ipif' [/home/adadek/workspace/SoC_Design/vivado/soc_project.srcs/sources_1/bd/soc_project/ipshared/cced/hdl/axi_lite_ipif_v3_0_vh_rfs.vhd:2948]
INFO: [Synth 8-638] synthesizing module 'slave_attachment' [/home/adadek/workspace/SoC_Design/vivado/soc_project.srcs/sources_1/bd/soc_project/ipshared/cced/hdl/axi_lite_ipif_v3_0_vh_rfs.vhd:2341]
INFO: [Synth 8-638] synthesizing module 'address_decoder' [/home/adadek/workspace/SoC_Design/vivado/soc_project.srcs/sources_1/bd/soc_project/ipshared/cced/hdl/axi_lite_ipif_v3_0_vh_rfs.vhd:1775]
INFO: [Synth 8-638] synthesizing module 'pselect_f' [/home/adadek/workspace/SoC_Design/vivado/soc_project.srcs/sources_1/bd/soc_project/ipshared/cced/hdl/axi_lite_ipif_v3_0_vh_rfs.vhd:1534]
INFO: [Synth 8-256] done synthesizing module 'pselect_f' (1#1) [/home/adadek/workspace/SoC_Design/vivado/soc_project.srcs/sources_1/bd/soc_project/ipshared/cced/hdl/axi_lite_ipif_v3_0_vh_rfs.vhd:1534]
INFO: [Synth 8-638] synthesizing module 'pselect_f__parameterized0' [/home/adadek/workspace/SoC_Design/vivado/soc_project.srcs/sources_1/bd/soc_project/ipshared/cced/hdl/axi_lite_ipif_v3_0_vh_rfs.vhd:1534]
INFO: [Synth 8-256] done synthesizing module 'pselect_f__parameterized0' (1#1) [/home/adadek/workspace/SoC_Design/vivado/soc_project.srcs/sources_1/bd/soc_project/ipshared/cced/hdl/axi_lite_ipif_v3_0_vh_rfs.vhd:1534]
INFO: [Synth 8-638] synthesizing module 'pselect_f__parameterized1' [/home/adadek/workspace/SoC_Design/vivado/soc_project.srcs/sources_1/bd/soc_project/ipshared/cced/hdl/axi_lite_ipif_v3_0_vh_rfs.vhd:1534]
INFO: [Synth 8-256] done synthesizing module 'pselect_f__parameterized1' (1#1) [/home/adadek/workspace/SoC_Design/vivado/soc_project.srcs/sources_1/bd/soc_project/ipshared/cced/hdl/axi_lite_ipif_v3_0_vh_rfs.vhd:1534]
INFO: [Synth 8-638] synthesizing module 'pselect_f__parameterized2' [/home/adadek/workspace/SoC_Design/vivado/soc_project.srcs/sources_1/bd/soc_project/ipshared/cced/hdl/axi_lite_ipif_v3_0_vh_rfs.vhd:1534]
INFO: [Synth 8-256] done synthesizing module 'pselect_f__parameterized2' (1#1) [/home/adadek/workspace/SoC_Design/vivado/soc_project.srcs/sources_1/bd/soc_project/ipshared/cced/hdl/axi_lite_ipif_v3_0_vh_rfs.vhd:1534]
INFO: [Synth 8-256] done synthesizing module 'address_decoder' (2#1) [/home/adadek/workspace/SoC_Design/vivado/soc_project.srcs/sources_1/bd/soc_project/ipshared/cced/hdl/axi_lite_ipif_v3_0_vh_rfs.vhd:1775]
INFO: [Synth 8-256] done synthesizing module 'slave_attachment' (3#1) [/home/adadek/workspace/SoC_Design/vivado/soc_project.srcs/sources_1/bd/soc_project/ipshared/cced/hdl/axi_lite_ipif_v3_0_vh_rfs.vhd:2341]
INFO: [Synth 8-256] done synthesizing module 'axi_lite_ipif' (4#1) [/home/adadek/workspace/SoC_Design/vivado/soc_project.srcs/sources_1/bd/soc_project/ipshared/cced/hdl/axi_lite_ipif_v3_0_vh_rfs.vhd:2948]
INFO: [Synth 8-638] synthesizing module 'GPIO_Core' [/home/adadek/workspace/SoC_Design/vivado/soc_project.srcs/sources_1/bd/soc_project/ipshared/e9c1/hdl/axi_gpio_v2_0_vh_rfs.vhd:178]
INFO: [Synth 8-638] synthesizing module 'cdc_sync' [/home/adadek/workspace/SoC_Design/vivado/soc_project.srcs/sources_1/bd/soc_project/ipshared/ef1e/hdl/lib_cdc_v1_0_rfs.vhd:106]
INFO: [Synth 8-256] done synthesizing module 'cdc_sync' (5#1) [/home/adadek/workspace/SoC_Design/vivado/soc_project.srcs/sources_1/bd/soc_project/ipshared/ef1e/hdl/lib_cdc_v1_0_rfs.vhd:106]
INFO: [Synth 8-256] done synthesizing module 'GPIO_Core' (6#1) [/home/adadek/workspace/SoC_Design/vivado/soc_project.srcs/sources_1/bd/soc_project/ipshared/e9c1/hdl/axi_gpio_v2_0_vh_rfs.vhd:178]
INFO: [Synth 8-256] done synthesizing module 'axi_gpio' (7#1) [/home/adadek/workspace/SoC_Design/vivado/soc_project.srcs/sources_1/bd/soc_project/ipshared/e9c1/hdl/axi_gpio_v2_0_vh_rfs.vhd:1358]
INFO: [Synth 8-256] done synthesizing module 'soc_project_axi_gpio_0_0' (8#1) [/home/adadek/workspace/SoC_Design/vivado/soc_project.srcs/sources_1/bd/soc_project/ip/soc_project_axi_gpio_0_0/synth/soc_project_axi_gpio_0_0.vhd:84]
Finished RTL Elaboration : Time (s): cpu = 00:00:07 ; elapsed = 00:00:08 . Memory (MB): peak = 1357.504 ; gain = 128.539 ; free physical = 7709 ; free virtual = 14554
Finished RTL Optimization Phase 1 : Time (s): cpu = 00:00:07 ; elapsed = 00:00:08 . Memory (MB): peak = 1357.504 ; gain = 128.539 ; free physical = 7709 ; free virtual = 14553
INFO: [Device 21-403] Loading part xc7z020clg484-1
Constraint Validation Runtime : Time (s): cpu = 00:00:00.01 ; elapsed = 00:00:00 . Memory (MB): peak = 1703.496 ; gain = 1.000 ; free physical = 7550 ; free virtual = 14395
Finished Constraint Validation : Time (s): cpu = 00:00:21 ; elapsed = 00:00:46 . Memory (MB): peak = 1703.496 ; gain = 474.531 ; free physical = 7623 ; free virtual = 14469
Finished Loading Part and Timing Information : Time (s): cpu = 00:00:21 ; elapsed = 00:00:46 . Memory (MB): peak = 1703.496 ; gain = 474.531 ; free physical = 7623 ; free virtual = 14469
Finished applying 'set_property' XDC Constraints : Time (s): cpu = 00:00:21 ; elapsed = 00:00:46 . Memory (MB): peak = 1703.496 ; gain = 474.531 ; free physical = 7625 ; free virtual = 14470
Finished RTL Optimization Phase 2 : Time (s): cpu = 00:00:21 ; elapsed = 00:00:46 . Memory (MB): peak = 1703.496 ; gain = 474.531 ; free physical = 7618 ; free virtual = 14463
Finished Cross Boundary and Area Optimization : Time (s): cpu = 00:00:22 ; elapsed = 00:00:46 . Memory (MB): peak = 1703.496 ; gain = 474.531 ; free physical = 7607 ; free virtual = 14452
Finished Applying XDC Timing Constraints : Time (s): cpu = 00:00:27 ; elapsed = 00:00:56 . Memory (MB): peak = 1703.496 ; gain = 474.531 ; free physical = 7477 ; free virtual = 14322
Finished Timing Optimization : Time (s): cpu = 00:00:27 ; elapsed = 00:00:56 . Memory (MB): peak = 1703.496 ; gain = 474.531 ; free physical = 7475 ; free virtual = 14320
Finished Technology Mapping : Time (s): cpu = 00:00:27 ; elapsed = 00:00:56 . Memory (MB): peak = 1703.496 ; gain = 474.531 ; free physical = 7476 ; free virtual = 14321
Finished IO Insertion : Time (s): cpu = 00:00:27 ; elapsed = 00:00:56 . Memory (MB): peak = 1703.496 ; gain = 474.531 ; free physical = 7474 ; free virtual = 14319
Finished Renaming Generated Instances : Time (s): cpu = 00:00:27 ; elapsed = 00:00:56 . Memory (MB): peak = 1703.496 ; gain = 474.531 ; free physical = 7474 ; free virtual = 14319
Finished Rebuilding User Hierarchy : Time (s): cpu = 00:00:27 ; elapsed = 00:00:56 . Memory (MB): peak = 1703.496 ; gain = 474.531 ; free physical = 7474 ; free virtual = 14319
Finished Renaming Generated Ports : Time (s): cpu = 00:00:27 ; elapsed = 00:00:56 . Memory (MB): peak = 1703.496 ; gain = 474.531 ; free physical = 7474 ; free virtual = 14319
Finished Handling Custom Attributes : Time (s): cpu = 00:00:27 ; elapsed = 00:00:56 . Memory (MB): peak = 1703.496 ; gain = 474.531 ; free physical = 7474 ; free virtual = 14319
Finished Renaming Generated Nets : Time (s): cpu = 00:00:27 ; elapsed = 00:00:56 . Memory (MB): peak = 1703.496 ; gain = 474.531 ; free physical = 7474 ; free virtual = 14319

Report Cell Usage: 
+------+-----+------+
|      |Cell |Count |
+------+-----+------+
|1     |LUT1 |     2|
|2     |LUT2 |     9|
|3     |LUT3 |     8|
|4     |LUT4 |    11|
|5     |LUT5 |    19|
|6     |LUT6 |    12|
|7     |FDR  |    32|
|8     |FDRE |    68|
|9     |FDSE |     8|
+------+-----+------+
Finished Writing Synthesis Report : Time (s): cpu = 00:00:27 ; elapsed = 00:00:56 . Memory (MB): peak = 1703.496 ; gain = 474.531 ; free physical = 7474 ; free virtual = 14319
synth_design: Time (s): cpu = 00:00:28 ; elapsed = 00:00:57 . Memory (MB): peak = 1703.496 ; gain = 500.352 ; free physical = 7519 ; free virtual = 14364
