18:33:52 INFO  : Registering command handlers for SDK TCF services
18:34:36 INFO  : Launching XSCT server: xsct -n -interactive /home/adadek/workspace/SoC_Design/vivado/soc_project.sdk/temp_xsdb_launch_script.tcl
18:34:38 INFO  : XSCT server has started successfully.
18:34:38 INFO  : Successfully done setting XSCT server connection channel  
18:34:39 INFO  : Successfully done setting SDK workspace  
18:34:39 INFO  : Processing command line option -hwspec /home/adadek/workspace/SoC_Design/vivado/soc_project.sdk/soc_project_wrapper.hdf.
18:51:34 INFO  : Invoking Bootgen: bootgen -image output.bif -arch zynq -o /home/adadek/workspace/SoC_Design/sd-image/BOOT.bin
18:51:34 INFO  : Creating new bif file /home/adadek/workspace/SoC_Design/sd-temp/output.bif
18:51:34 INFO  : Bootgen command execution is done.
12:19:23 INFO  : Launching XSCT server: xsct -n -interactive /home/adadek/workspace/SoC_Design/vivado/soc_project.sdk/temp_xsdb_launch_script.tcl
12:19:25 INFO  : XSCT server has started successfully.
12:19:25 INFO  : Successfully done setting XSCT server connection channel  
12:19:27 INFO  : Successfully done setting SDK workspace  
12:19:33 INFO  : Registering command handlers for SDK TCF services
12:19:33 INFO  : Processing command line option -hwspec /home/adadek/workspace/SoC_Design/vivado/soc_project.sdk/soc_project_wrapper.hdf.
12:19:34 INFO  : Checking for hwspec changes in the project soc_project_wrapper_hw_platform_0.
12:22:32 INFO  : Connected to target on host '127.0.0.1' and port '3121'.
12:22:32 INFO  : 'targets -set -filter {jtag_cable_name =~ "Digilent Zed 210248570950" && level==0} -index 1' command is executed.
12:22:35 INFO  : FPGA configured successfully with bitstream "/home/adadek/workspace/SoC_Design/vivado/soc_project.sdk/soc_project_wrapper_hw_platform_0/soc_project_wrapper.bit"
12:22:45 INFO  : 'targets -set -filter {jtag_cable_name =~ "Digilent Zed 210248570950" && level==0} -index 1' command is executed.
12:22:45 INFO  : 'fpga -state' command is executed.
12:22:45 INFO  : Connected to target on host '127.0.0.1' and port '3121'.
12:22:45 INFO  : Jtag cable 'Digilent Zed 210248570950' is selected.
12:22:45 INFO  : 'jtag frequency' command is executed.
12:22:45 INFO  : Sourcing of '/home/adadek/workspace/SoC_Design/vivado/soc_project.sdk/soc_project_wrapper_hw_platform_0/ps7_init.tcl' is done.
12:22:45 INFO  : Context for 'APU' is selected.
12:22:45 INFO  : Hardware design information is loaded from '/home/adadek/workspace/SoC_Design/vivado/soc_project.sdk/soc_project_wrapper_hw_platform_0/system.hdf'.
12:22:45 INFO  : 'configparams force-mem-access 1' command is executed.
12:22:45 INFO  : Context for 'APU' is selected.
12:22:46 INFO  : 'stop' command is executed.
12:22:46 INFO  : 'ps7_init' command is executed.
12:22:46 INFO  : 'ps7_post_config' command is executed.
12:22:46 INFO  : Context for processor 'ps7_cortexa9_0' is selected.
12:22:46 INFO  : Processor reset is completed for 'ps7_cortexa9_0'.
12:22:46 INFO  : Context for processor 'ps7_cortexa9_0' is selected.
12:22:46 INFO  : The application '/home/adadek/workspace/SoC_Design/vivado/soc_project.sdk/Project/Debug/Project.elf' is downloaded to processor 'ps7_cortexa9_0'.
12:22:46 INFO  : 'configparams force-mem-access 0' command is executed.
12:22:46 INFO  : ----------------XSDB Script----------------
connect -url tcp:127.0.0.1:3121
source /home/adadek/workspace/SoC_Design/vivado/soc_project.sdk/soc_project_wrapper_hw_platform_0/ps7_init.tcl
targets -set -nocase -filter {name =~"APU*" && jtag_cable_name =~ "Digilent Zed 210248570950"} -index 0
loadhw -hw /home/adadek/workspace/SoC_Design/vivado/soc_project.sdk/soc_project_wrapper_hw_platform_0/system.hdf -mem-ranges [list {0x40000000 0xbfffffff}]
configparams force-mem-access 1
targets -set -nocase -filter {name =~"APU*" && jtag_cable_name =~ "Digilent Zed 210248570950"} -index 0
stop
ps7_init
ps7_post_config
targets -set -nocase -filter {name =~ "ARM*#0" && jtag_cable_name =~ "Digilent Zed 210248570950"} -index 0
rst -processor
targets -set -nocase -filter {name =~ "ARM*#0" && jtag_cable_name =~ "Digilent Zed 210248570950"} -index 0
dow /home/adadek/workspace/SoC_Design/vivado/soc_project.sdk/Project/Debug/Project.elf
configparams force-mem-access 0
----------------End of Script----------------

12:22:46 INFO  : Memory regions updated for context APU
12:22:46 INFO  : Context for processor 'ps7_cortexa9_0' is selected.
12:22:46 INFO  : 'con' command is executed.
12:22:46 INFO  : ----------------XSDB Script (After Launch)----------------
targets -set -nocase -filter {name =~ "ARM*#0" && jtag_cable_name =~ "Digilent Zed 210248570950"} -index 0
con
----------------End of Script----------------

12:22:46 INFO  : Launch script is exported to file '/home/adadek/workspace/SoC_Design/vivado/soc_project.sdk/.sdk/launch_scripts/xilinx_c-c++_application_(system_debugger)/system_debugger_using_debug_project.elf_on_local.tcl'
12:24:26 INFO  : Disconnected from the channel tcfchan#1.
12:24:27 INFO  : 'targets -set -filter {jtag_cable_name =~ "Digilent Zed 210248570950" && level==0} -index 1' command is executed.
12:24:27 INFO  : 'fpga -state' command is executed.
12:24:27 INFO  : Connected to target on host '127.0.0.1' and port '3121'.
12:24:27 INFO  : Jtag cable 'Digilent Zed 210248570950' is selected.
12:24:27 INFO  : 'jtag frequency' command is executed.
12:24:27 INFO  : Sourcing of '/home/adadek/workspace/SoC_Design/vivado/soc_project.sdk/soc_project_wrapper_hw_platform_0/ps7_init.tcl' is done.
12:24:27 INFO  : Context for 'APU' is selected.
12:24:28 INFO  : Hardware design information is loaded from '/home/adadek/workspace/SoC_Design/vivado/soc_project.sdk/soc_project_wrapper_hw_platform_0/system.hdf'.
12:24:28 INFO  : 'configparams force-mem-access 1' command is executed.
12:24:28 INFO  : Context for 'APU' is selected.
12:24:28 INFO  : 'stop' command is executed.
12:24:28 INFO  : 'ps7_init' command is executed.
12:24:28 INFO  : 'ps7_post_config' command is executed.
12:24:28 INFO  : Context for processor 'ps7_cortexa9_0' is selected.
12:24:28 INFO  : Processor reset is completed for 'ps7_cortexa9_0'.
12:24:28 INFO  : Context for processor 'ps7_cortexa9_0' is selected.
12:24:29 INFO  : The application '/home/adadek/workspace/SoC_Design/vivado/soc_project.sdk/Project/Debug/Project.elf' is downloaded to processor 'ps7_cortexa9_0'.
12:24:29 INFO  : 'configparams force-mem-access 0' command is executed.
12:24:29 INFO  : ----------------XSDB Script----------------
connect -url tcp:127.0.0.1:3121
source /home/adadek/workspace/SoC_Design/vivado/soc_project.sdk/soc_project_wrapper_hw_platform_0/ps7_init.tcl
targets -set -nocase -filter {name =~"APU*" && jtag_cable_name =~ "Digilent Zed 210248570950"} -index 0
loadhw -hw /home/adadek/workspace/SoC_Design/vivado/soc_project.sdk/soc_project_wrapper_hw_platform_0/system.hdf -mem-ranges [list {0x40000000 0xbfffffff}]
configparams force-mem-access 1
targets -set -nocase -filter {name =~"APU*" && jtag_cable_name =~ "Digilent Zed 210248570950"} -index 0
stop
ps7_init
ps7_post_config
targets -set -nocase -filter {name =~ "ARM*#0" && jtag_cable_name =~ "Digilent Zed 210248570950"} -index 0
rst -processor
targets -set -nocase -filter {name =~ "ARM*#0" && jtag_cable_name =~ "Digilent Zed 210248570950"} -index 0
dow /home/adadek/workspace/SoC_Design/vivado/soc_project.sdk/Project/Debug/Project.elf
configparams force-mem-access 0
----------------End of Script----------------

12:24:29 INFO  : Memory regions updated for context APU
12:24:29 INFO  : Context for processor 'ps7_cortexa9_0' is selected.
12:24:29 INFO  : 'con' command is executed.
12:24:29 INFO  : ----------------XSDB Script (After Launch)----------------
targets -set -nocase -filter {name =~ "ARM*#0" && jtag_cable_name =~ "Digilent Zed 210248570950"} -index 0
con
----------------End of Script----------------

12:24:29 INFO  : Launch script is exported to file '/home/adadek/workspace/SoC_Design/vivado/soc_project.sdk/.sdk/launch_scripts/xilinx_c-c++_application_(system_debugger)/system_debugger_using_debug_project.elf_on_local.tcl'
12:25:14 INFO  : Disconnected from the channel tcfchan#2.
12:25:15 INFO  : 'targets -set -filter {jtag_cable_name =~ "Digilent Zed 210248570950" && level==0} -index 1' command is executed.
12:25:15 INFO  : 'fpga -state' command is executed.
12:25:15 INFO  : Connected to target on host '127.0.0.1' and port '3121'.
12:25:15 INFO  : Jtag cable 'Digilent Zed 210248570950' is selected.
12:25:15 INFO  : 'jtag frequency' command is executed.
12:25:15 INFO  : Sourcing of '/home/adadek/workspace/SoC_Design/vivado/soc_project.sdk/soc_project_wrapper_hw_platform_0/ps7_init.tcl' is done.
12:25:15 INFO  : Context for 'APU' is selected.
12:25:16 INFO  : Hardware design information is loaded from '/home/adadek/workspace/SoC_Design/vivado/soc_project.sdk/soc_project_wrapper_hw_platform_0/system.hdf'.
12:25:16 INFO  : 'configparams force-mem-access 1' command is executed.
12:25:17 INFO  : Context for 'APU' is selected.
12:25:17 INFO  : 'stop' command is executed.
12:25:17 INFO  : 'ps7_init' command is executed.
12:25:17 INFO  : 'ps7_post_config' command is executed.
12:25:17 INFO  : Context for processor 'ps7_cortexa9_0' is selected.
12:25:17 INFO  : Processor reset is completed for 'ps7_cortexa9_0'.
12:25:17 INFO  : Context for processor 'ps7_cortexa9_0' is selected.
12:25:17 INFO  : The application '/home/adadek/workspace/SoC_Design/vivado/soc_project.sdk/Project/Debug/Project.elf' is downloaded to processor 'ps7_cortexa9_0'.
12:25:17 INFO  : 'configparams force-mem-access 0' command is executed.
12:25:17 INFO  : ----------------XSDB Script----------------
connect -url tcp:127.0.0.1:3121
source /home/adadek/workspace/SoC_Design/vivado/soc_project.sdk/soc_project_wrapper_hw_platform_0/ps7_init.tcl
targets -set -nocase -filter {name =~"APU*" && jtag_cable_name =~ "Digilent Zed 210248570950"} -index 0
loadhw -hw /home/adadek/workspace/SoC_Design/vivado/soc_project.sdk/soc_project_wrapper_hw_platform_0/system.hdf -mem-ranges [list {0x40000000 0xbfffffff}]
configparams force-mem-access 1
targets -set -nocase -filter {name =~"APU*" && jtag_cable_name =~ "Digilent Zed 210248570950"} -index 0
stop
ps7_init
ps7_post_config
targets -set -nocase -filter {name =~ "ARM*#0" && jtag_cable_name =~ "Digilent Zed 210248570950"} -index 0
rst -processor
targets -set -nocase -filter {name =~ "ARM*#0" && jtag_cable_name =~ "Digilent Zed 210248570950"} -index 0
dow /home/adadek/workspace/SoC_Design/vivado/soc_project.sdk/Project/Debug/Project.elf
configparams force-mem-access 0
----------------End of Script----------------

12:25:17 INFO  : Memory regions updated for context APU
12:25:17 INFO  : Context for processor 'ps7_cortexa9_0' is selected.
12:25:17 INFO  : 'con' command is executed.
12:25:17 INFO  : ----------------XSDB Script (After Launch)----------------
targets -set -nocase -filter {name =~ "ARM*#0" && jtag_cable_name =~ "Digilent Zed 210248570950"} -index 0
con
----------------End of Script----------------

12:25:17 INFO  : Launch script is exported to file '/home/adadek/workspace/SoC_Design/vivado/soc_project.sdk/.sdk/launch_scripts/xilinx_c-c++_application_(system_debugger)/system_debugger_using_debug_project.elf_on_local.tcl'
12:26:17 INFO  : Disconnected from the channel tcfchan#3.
12:26:18 INFO  : 'targets -set -filter {jtag_cable_name =~ "Digilent Zed 210248570950" && level==0} -index 1' command is executed.
12:26:18 INFO  : 'fpga -state' command is executed.
12:26:18 INFO  : Connected to target on host '127.0.0.1' and port '3121'.
12:26:18 INFO  : Jtag cable 'Digilent Zed 210248570950' is selected.
12:26:18 INFO  : 'jtag frequency' command is executed.
12:26:18 INFO  : Sourcing of '/home/adadek/workspace/SoC_Design/vivado/soc_project.sdk/soc_project_wrapper_hw_platform_0/ps7_init.tcl' is done.
12:26:18 INFO  : Context for 'APU' is selected.
12:26:20 INFO  : Hardware design information is loaded from '/home/adadek/workspace/SoC_Design/vivado/soc_project.sdk/soc_project_wrapper_hw_platform_0/system.hdf'.
12:26:20 INFO  : 'configparams force-mem-access 1' command is executed.
12:26:20 INFO  : Context for 'APU' is selected.
12:26:20 INFO  : 'stop' command is executed.
12:26:20 INFO  : 'ps7_init' command is executed.
12:26:20 INFO  : 'ps7_post_config' command is executed.
12:26:20 INFO  : Context for processor 'ps7_cortexa9_0' is selected.
12:26:20 INFO  : Processor reset is completed for 'ps7_cortexa9_0'.
12:26:20 INFO  : Context for processor 'ps7_cortexa9_0' is selected.
12:26:20 INFO  : The application '/home/adadek/workspace/SoC_Design/vivado/soc_project.sdk/Project/Debug/Project.elf' is downloaded to processor 'ps7_cortexa9_0'.
12:26:20 INFO  : 'configparams force-mem-access 0' command is executed.
12:26:20 INFO  : ----------------XSDB Script----------------
connect -url tcp:127.0.0.1:3121
source /home/adadek/workspace/SoC_Design/vivado/soc_project.sdk/soc_project_wrapper_hw_platform_0/ps7_init.tcl
targets -set -nocase -filter {name =~"APU*" && jtag_cable_name =~ "Digilent Zed 210248570950"} -index 0
loadhw -hw /home/adadek/workspace/SoC_Design/vivado/soc_project.sdk/soc_project_wrapper_hw_platform_0/system.hdf -mem-ranges [list {0x40000000 0xbfffffff}]
configparams force-mem-access 1
targets -set -nocase -filter {name =~"APU*" && jtag_cable_name =~ "Digilent Zed 210248570950"} -index 0
stop
ps7_init
ps7_post_config
targets -set -nocase -filter {name =~ "ARM*#0" && jtag_cable_name =~ "Digilent Zed 210248570950"} -index 0
rst -processor
targets -set -nocase -filter {name =~ "ARM*#0" && jtag_cable_name =~ "Digilent Zed 210248570950"} -index 0
dow /home/adadek/workspace/SoC_Design/vivado/soc_project.sdk/Project/Debug/Project.elf
configparams force-mem-access 0
----------------End of Script----------------

12:26:20 INFO  : Memory regions updated for context APU
12:26:20 INFO  : Context for processor 'ps7_cortexa9_0' is selected.
12:26:20 INFO  : 'con' command is executed.
12:26:20 INFO  : ----------------XSDB Script (After Launch)----------------
targets -set -nocase -filter {name =~ "ARM*#0" && jtag_cable_name =~ "Digilent Zed 210248570950"} -index 0
con
----------------End of Script----------------

12:26:20 INFO  : Launch script is exported to file '/home/adadek/workspace/SoC_Design/vivado/soc_project.sdk/.sdk/launch_scripts/xilinx_c-c++_application_(system_debugger)/system_debugger_using_debug_project.elf_on_local.tcl'
12:33:11 INFO  : Disconnected from the channel tcfchan#4.
12:33:12 INFO  : 'targets -set -filter {jtag_cable_name =~ "Digilent Zed 210248570950" && level==0} -index 1' command is executed.
12:33:12 INFO  : 'fpga -state' command is executed.
12:33:12 INFO  : Connected to target on host '127.0.0.1' and port '3121'.
12:33:12 INFO  : Jtag cable 'Digilent Zed 210248570950' is selected.
12:33:12 INFO  : 'jtag frequency' command is executed.
12:33:12 INFO  : Sourcing of '/home/adadek/workspace/SoC_Design/vivado/soc_project.sdk/soc_project_wrapper_hw_platform_0/ps7_init.tcl' is done.
12:33:12 INFO  : Context for 'APU' is selected.
12:33:13 INFO  : Hardware design information is loaded from '/home/adadek/workspace/SoC_Design/vivado/soc_project.sdk/soc_project_wrapper_hw_platform_0/system.hdf'.
12:33:13 INFO  : 'configparams force-mem-access 1' command is executed.
12:33:13 INFO  : Context for 'APU' is selected.
12:33:13 INFO  : 'stop' command is executed.
12:33:14 INFO  : 'ps7_init' command is executed.
12:33:14 INFO  : 'ps7_post_config' command is executed.
12:33:14 INFO  : Context for processor 'ps7_cortexa9_0' is selected.
12:33:14 INFO  : Processor reset is completed for 'ps7_cortexa9_0'.
12:33:14 INFO  : Context for processor 'ps7_cortexa9_0' is selected.
12:33:14 INFO  : The application '/home/adadek/workspace/SoC_Design/vivado/soc_project.sdk/Project/Debug/Project.elf' is downloaded to processor 'ps7_cortexa9_0'.
12:33:14 INFO  : 'configparams force-mem-access 0' command is executed.
12:33:14 INFO  : ----------------XSDB Script----------------
connect -url tcp:127.0.0.1:3121
source /home/adadek/workspace/SoC_Design/vivado/soc_project.sdk/soc_project_wrapper_hw_platform_0/ps7_init.tcl
targets -set -nocase -filter {name =~"APU*" && jtag_cable_name =~ "Digilent Zed 210248570950"} -index 0
loadhw -hw /home/adadek/workspace/SoC_Design/vivado/soc_project.sdk/soc_project_wrapper_hw_platform_0/system.hdf -mem-ranges [list {0x40000000 0xbfffffff}]
configparams force-mem-access 1
targets -set -nocase -filter {name =~"APU*" && jtag_cable_name =~ "Digilent Zed 210248570950"} -index 0
stop
ps7_init
ps7_post_config
targets -set -nocase -filter {name =~ "ARM*#0" && jtag_cable_name =~ "Digilent Zed 210248570950"} -index 0
rst -processor
targets -set -nocase -filter {name =~ "ARM*#0" && jtag_cable_name =~ "Digilent Zed 210248570950"} -index 0
dow /home/adadek/workspace/SoC_Design/vivado/soc_project.sdk/Project/Debug/Project.elf
configparams force-mem-access 0
----------------End of Script----------------

12:33:14 INFO  : Memory regions updated for context APU
12:33:14 INFO  : Context for processor 'ps7_cortexa9_0' is selected.
12:33:14 INFO  : 'con' command is executed.
12:33:14 INFO  : ----------------XSDB Script (After Launch)----------------
targets -set -nocase -filter {name =~ "ARM*#0" && jtag_cable_name =~ "Digilent Zed 210248570950"} -index 0
con
----------------End of Script----------------

12:33:14 INFO  : Launch script is exported to file '/home/adadek/workspace/SoC_Design/vivado/soc_project.sdk/.sdk/launch_scripts/xilinx_c-c++_application_(system_debugger)/system_debugger_using_debug_project.elf_on_local.tcl'
12:34:09 INFO  : Disconnected from the channel tcfchan#5.
12:34:10 INFO  : 'targets -set -filter {jtag_cable_name =~ "Digilent Zed 210248570950" && level==0} -index 1' command is executed.
12:34:10 INFO  : 'fpga -state' command is executed.
12:34:10 INFO  : Connected to target on host '127.0.0.1' and port '3121'.
12:34:10 INFO  : Jtag cable 'Digilent Zed 210248570950' is selected.
12:34:10 INFO  : 'jtag frequency' command is executed.
12:34:10 INFO  : Sourcing of '/home/adadek/workspace/SoC_Design/vivado/soc_project.sdk/soc_project_wrapper_hw_platform_0/ps7_init.tcl' is done.
12:34:10 INFO  : Context for 'APU' is selected.
12:34:12 INFO  : Hardware design information is loaded from '/home/adadek/workspace/SoC_Design/vivado/soc_project.sdk/soc_project_wrapper_hw_platform_0/system.hdf'.
12:34:12 INFO  : 'configparams force-mem-access 1' command is executed.
12:34:12 INFO  : Context for 'APU' is selected.
12:34:12 INFO  : 'stop' command is executed.
12:34:12 INFO  : 'ps7_init' command is executed.
12:34:12 INFO  : 'ps7_post_config' command is executed.
12:34:12 INFO  : Context for processor 'ps7_cortexa9_0' is selected.
12:34:12 INFO  : Processor reset is completed for 'ps7_cortexa9_0'.
12:34:12 INFO  : Context for processor 'ps7_cortexa9_0' is selected.
12:34:12 INFO  : The application '/home/adadek/workspace/SoC_Design/vivado/soc_project.sdk/Project/Debug/Project.elf' is downloaded to processor 'ps7_cortexa9_0'.
12:34:12 INFO  : 'configparams force-mem-access 0' command is executed.
12:34:12 INFO  : ----------------XSDB Script----------------
connect -url tcp:127.0.0.1:3121
source /home/adadek/workspace/SoC_Design/vivado/soc_project.sdk/soc_project_wrapper_hw_platform_0/ps7_init.tcl
targets -set -nocase -filter {name =~"APU*" && jtag_cable_name =~ "Digilent Zed 210248570950"} -index 0
loadhw -hw /home/adadek/workspace/SoC_Design/vivado/soc_project.sdk/soc_project_wrapper_hw_platform_0/system.hdf -mem-ranges [list {0x40000000 0xbfffffff}]
configparams force-mem-access 1
targets -set -nocase -filter {name =~"APU*" && jtag_cable_name =~ "Digilent Zed 210248570950"} -index 0
stop
ps7_init
ps7_post_config
targets -set -nocase -filter {name =~ "ARM*#0" && jtag_cable_name =~ "Digilent Zed 210248570950"} -index 0
rst -processor
targets -set -nocase -filter {name =~ "ARM*#0" && jtag_cable_name =~ "Digilent Zed 210248570950"} -index 0
dow /home/adadek/workspace/SoC_Design/vivado/soc_project.sdk/Project/Debug/Project.elf
configparams force-mem-access 0
----------------End of Script----------------

12:34:12 INFO  : Memory regions updated for context APU
12:34:12 INFO  : Context for processor 'ps7_cortexa9_0' is selected.
12:34:12 INFO  : 'con' command is executed.
12:34:12 INFO  : ----------------XSDB Script (After Launch)----------------
targets -set -nocase -filter {name =~ "ARM*#0" && jtag_cable_name =~ "Digilent Zed 210248570950"} -index 0
con
----------------End of Script----------------

12:34:12 INFO  : Launch script is exported to file '/home/adadek/workspace/SoC_Design/vivado/soc_project.sdk/.sdk/launch_scripts/xilinx_c-c++_application_(system_debugger)/system_debugger_using_debug_project.elf_on_local.tcl'
12:34:47 INFO  : Disconnected from the channel tcfchan#6.
12:34:48 INFO  : 'targets -set -filter {jtag_cable_name =~ "Digilent Zed 210248570950" && level==0} -index 1' command is executed.
12:34:48 INFO  : 'fpga -state' command is executed.
12:34:48 INFO  : Connected to target on host '127.0.0.1' and port '3121'.
12:34:49 INFO  : Jtag cable 'Digilent Zed 210248570950' is selected.
12:34:49 INFO  : 'jtag frequency' command is executed.
12:34:49 INFO  : Sourcing of '/home/adadek/workspace/SoC_Design/vivado/soc_project.sdk/soc_project_wrapper_hw_platform_0/ps7_init.tcl' is done.
12:34:49 INFO  : Context for 'APU' is selected.
12:34:50 INFO  : Hardware design information is loaded from '/home/adadek/workspace/SoC_Design/vivado/soc_project.sdk/soc_project_wrapper_hw_platform_0/system.hdf'.
12:34:50 INFO  : 'configparams force-mem-access 1' command is executed.
12:34:50 INFO  : Context for 'APU' is selected.
12:34:50 INFO  : 'stop' command is executed.
12:34:50 INFO  : 'ps7_init' command is executed.
12:34:50 INFO  : 'ps7_post_config' command is executed.
12:34:50 INFO  : Context for processor 'ps7_cortexa9_0' is selected.
12:34:50 INFO  : Processor reset is completed for 'ps7_cortexa9_0'.
12:34:50 INFO  : Context for processor 'ps7_cortexa9_0' is selected.
12:34:50 INFO  : The application '/home/adadek/workspace/SoC_Design/vivado/soc_project.sdk/Project/Debug/Project.elf' is downloaded to processor 'ps7_cortexa9_0'.
12:34:50 INFO  : 'configparams force-mem-access 0' command is executed.
12:34:50 INFO  : ----------------XSDB Script----------------
connect -url tcp:127.0.0.1:3121
source /home/adadek/workspace/SoC_Design/vivado/soc_project.sdk/soc_project_wrapper_hw_platform_0/ps7_init.tcl
targets -set -nocase -filter {name =~"APU*" && jtag_cable_name =~ "Digilent Zed 210248570950"} -index 0
loadhw -hw /home/adadek/workspace/SoC_Design/vivado/soc_project.sdk/soc_project_wrapper_hw_platform_0/system.hdf -mem-ranges [list {0x40000000 0xbfffffff}]
configparams force-mem-access 1
targets -set -nocase -filter {name =~"APU*" && jtag_cable_name =~ "Digilent Zed 210248570950"} -index 0
stop
ps7_init
ps7_post_config
targets -set -nocase -filter {name =~ "ARM*#0" && jtag_cable_name =~ "Digilent Zed 210248570950"} -index 0
rst -processor
targets -set -nocase -filter {name =~ "ARM*#0" && jtag_cable_name =~ "Digilent Zed 210248570950"} -index 0
dow /home/adadek/workspace/SoC_Design/vivado/soc_project.sdk/Project/Debug/Project.elf
configparams force-mem-access 0
----------------End of Script----------------

12:34:50 INFO  : Memory regions updated for context APU
12:34:50 INFO  : Context for processor 'ps7_cortexa9_0' is selected.
12:34:50 INFO  : 'con' command is executed.
12:34:50 INFO  : ----------------XSDB Script (After Launch)----------------
targets -set -nocase -filter {name =~ "ARM*#0" && jtag_cable_name =~ "Digilent Zed 210248570950"} -index 0
con
----------------End of Script----------------

12:34:50 INFO  : Launch script is exported to file '/home/adadek/workspace/SoC_Design/vivado/soc_project.sdk/.sdk/launch_scripts/xilinx_c-c++_application_(system_debugger)/system_debugger_using_debug_project.elf_on_local.tcl'
14:46:59 INFO  : Connected to target on host '127.0.0.1' and port '3121'.
14:46:59 INFO  : 'targets -set -filter {jtag_cable_name =~ "Digilent Zed 210248570950" && level==0} -index 1' command is executed.
14:47:02 INFO  : FPGA configured successfully with bitstream "/home/adadek/workspace/SoC_Design/vivado/soc_project.sdk/soc_project_wrapper_hw_platform_0/soc_project_wrapper.bit"
14:47:16 INFO  : Disconnected from the channel tcfchan#7.
14:47:18 INFO  : 'targets -set -filter {jtag_cable_name =~ "Digilent Zed 210248570950" && level==0} -index 1' command is executed.
14:47:18 INFO  : 'fpga -state' command is executed.
14:47:18 INFO  : Connected to target on host '127.0.0.1' and port '3121'.
14:47:18 INFO  : Jtag cable 'Digilent Zed 210248570950' is selected.
14:47:18 INFO  : 'jtag frequency' command is executed.
14:47:18 INFO  : Sourcing of '/home/adadek/workspace/SoC_Design/vivado/soc_project.sdk/soc_project_wrapper_hw_platform_0/ps7_init.tcl' is done.
14:47:18 INFO  : Context for 'APU' is selected.
14:47:19 INFO  : Hardware design information is loaded from '/home/adadek/workspace/SoC_Design/vivado/soc_project.sdk/soc_project_wrapper_hw_platform_0/system.hdf'.
14:47:19 INFO  : 'configparams force-mem-access 1' command is executed.
14:47:19 INFO  : Context for 'APU' is selected.
14:47:19 INFO  : 'stop' command is executed.
14:47:19 INFO  : 'ps7_init' command is executed.
14:47:19 INFO  : 'ps7_post_config' command is executed.
14:47:19 INFO  : Context for processor 'ps7_cortexa9_0' is selected.
14:47:19 INFO  : Processor reset is completed for 'ps7_cortexa9_0'.
14:47:19 INFO  : Context for processor 'ps7_cortexa9_0' is selected.
14:47:19 INFO  : The application '/home/adadek/workspace/SoC_Design/vivado/soc_project.sdk/Project/Debug/Project.elf' is downloaded to processor 'ps7_cortexa9_0'.
14:47:19 INFO  : 'configparams force-mem-access 0' command is executed.
14:47:19 INFO  : ----------------XSDB Script----------------
connect -url tcp:127.0.0.1:3121
source /home/adadek/workspace/SoC_Design/vivado/soc_project.sdk/soc_project_wrapper_hw_platform_0/ps7_init.tcl
targets -set -nocase -filter {name =~"APU*" && jtag_cable_name =~ "Digilent Zed 210248570950"} -index 0
loadhw -hw /home/adadek/workspace/SoC_Design/vivado/soc_project.sdk/soc_project_wrapper_hw_platform_0/system.hdf -mem-ranges [list {0x40000000 0xbfffffff}]
configparams force-mem-access 1
targets -set -nocase -filter {name =~"APU*" && jtag_cable_name =~ "Digilent Zed 210248570950"} -index 0
stop
ps7_init
ps7_post_config
targets -set -nocase -filter {name =~ "ARM*#0" && jtag_cable_name =~ "Digilent Zed 210248570950"} -index 0
rst -processor
targets -set -nocase -filter {name =~ "ARM*#0" && jtag_cable_name =~ "Digilent Zed 210248570950"} -index 0
dow /home/adadek/workspace/SoC_Design/vivado/soc_project.sdk/Project/Debug/Project.elf
configparams force-mem-access 0
----------------End of Script----------------

14:47:19 INFO  : Memory regions updated for context APU
14:47:19 INFO  : Context for processor 'ps7_cortexa9_0' is selected.
14:47:19 INFO  : 'con' command is executed.
14:47:19 INFO  : ----------------XSDB Script (After Launch)----------------
targets -set -nocase -filter {name =~ "ARM*#0" && jtag_cable_name =~ "Digilent Zed 210248570950"} -index 0
con
----------------End of Script----------------

14:47:19 INFO  : Launch script is exported to file '/home/adadek/workspace/SoC_Design/vivado/soc_project.sdk/.sdk/launch_scripts/xilinx_c-c++_application_(system_debugger)/system_debugger_using_debug_project.elf_on_local.tcl'
14:47:43 INFO  : Disconnected from the channel tcfchan#8.
14:47:44 INFO  : 'targets -set -filter {jtag_cable_name =~ "Digilent Zed 210248570950" && level==0} -index 1' command is executed.
14:47:45 INFO  : 'fpga -state' command is executed.
14:47:45 INFO  : Connected to target on host '127.0.0.1' and port '3121'.
14:47:45 INFO  : Jtag cable 'Digilent Zed 210248570950' is selected.
14:47:45 INFO  : 'jtag frequency' command is executed.
14:47:45 INFO  : Sourcing of '/home/adadek/workspace/SoC_Design/vivado/soc_project.sdk/soc_project_wrapper_hw_platform_0/ps7_init.tcl' is done.
14:47:45 INFO  : Context for 'APU' is selected.
14:47:46 INFO  : Hardware design information is loaded from '/home/adadek/workspace/SoC_Design/vivado/soc_project.sdk/soc_project_wrapper_hw_platform_0/system.hdf'.
14:47:46 INFO  : 'configparams force-mem-access 1' command is executed.
14:47:46 INFO  : Context for 'APU' is selected.
14:47:46 INFO  : 'stop' command is executed.
14:47:46 INFO  : 'ps7_init' command is executed.
14:47:46 INFO  : 'ps7_post_config' command is executed.
14:47:46 INFO  : Context for processor 'ps7_cortexa9_0' is selected.
14:47:46 INFO  : Processor reset is completed for 'ps7_cortexa9_0'.
14:47:46 INFO  : Context for processor 'ps7_cortexa9_0' is selected.
14:47:47 INFO  : The application '/home/adadek/workspace/SoC_Design/vivado/soc_project.sdk/Project/Debug/Project.elf' is downloaded to processor 'ps7_cortexa9_0'.
14:47:47 INFO  : 'configparams force-mem-access 0' command is executed.
14:47:47 INFO  : ----------------XSDB Script----------------
connect -url tcp:127.0.0.1:3121
source /home/adadek/workspace/SoC_Design/vivado/soc_project.sdk/soc_project_wrapper_hw_platform_0/ps7_init.tcl
targets -set -nocase -filter {name =~"APU*" && jtag_cable_name =~ "Digilent Zed 210248570950"} -index 0
loadhw -hw /home/adadek/workspace/SoC_Design/vivado/soc_project.sdk/soc_project_wrapper_hw_platform_0/system.hdf -mem-ranges [list {0x40000000 0xbfffffff}]
configparams force-mem-access 1
targets -set -nocase -filter {name =~"APU*" && jtag_cable_name =~ "Digilent Zed 210248570950"} -index 0
stop
ps7_init
ps7_post_config
targets -set -nocase -filter {name =~ "ARM*#0" && jtag_cable_name =~ "Digilent Zed 210248570950"} -index 0
rst -processor
targets -set -nocase -filter {name =~ "ARM*#0" && jtag_cable_name =~ "Digilent Zed 210248570950"} -index 0
dow /home/adadek/workspace/SoC_Design/vivado/soc_project.sdk/Project/Debug/Project.elf
configparams force-mem-access 0
----------------End of Script----------------

14:47:47 INFO  : Memory regions updated for context APU
14:47:47 INFO  : Context for processor 'ps7_cortexa9_0' is selected.
14:47:47 INFO  : 'con' command is executed.
14:47:47 INFO  : ----------------XSDB Script (After Launch)----------------
targets -set -nocase -filter {name =~ "ARM*#0" && jtag_cable_name =~ "Digilent Zed 210248570950"} -index 0
con
----------------End of Script----------------

14:47:47 INFO  : Launch script is exported to file '/home/adadek/workspace/SoC_Design/vivado/soc_project.sdk/.sdk/launch_scripts/xilinx_c-c++_application_(system_debugger)/system_debugger_using_debug_project.elf_on_local.tcl'
14:48:07 INFO  : Disconnected from the channel tcfchan#9.
14:48:08 INFO  : 'targets -set -filter {jtag_cable_name =~ "Digilent Zed 210248570950" && level==0} -index 1' command is executed.
14:48:08 INFO  : 'fpga -state' command is executed.
14:48:08 INFO  : Connected to target on host '127.0.0.1' and port '3121'.
14:48:08 INFO  : Jtag cable 'Digilent Zed 210248570950' is selected.
14:48:08 INFO  : 'jtag frequency' command is executed.
14:48:08 INFO  : Sourcing of '/home/adadek/workspace/SoC_Design/vivado/soc_project.sdk/soc_project_wrapper_hw_platform_0/ps7_init.tcl' is done.
14:48:08 INFO  : Context for 'APU' is selected.
14:48:09 INFO  : Hardware design information is loaded from '/home/adadek/workspace/SoC_Design/vivado/soc_project.sdk/soc_project_wrapper_hw_platform_0/system.hdf'.
14:48:09 INFO  : 'configparams force-mem-access 1' command is executed.
14:48:09 INFO  : Context for 'APU' is selected.
14:48:09 INFO  : 'stop' command is executed.
14:48:10 INFO  : 'ps7_init' command is executed.
14:48:10 INFO  : 'ps7_post_config' command is executed.
14:48:10 INFO  : Context for processor 'ps7_cortexa9_0' is selected.
14:48:10 INFO  : Processor reset is completed for 'ps7_cortexa9_0'.
14:48:10 INFO  : Context for processor 'ps7_cortexa9_0' is selected.
14:48:10 INFO  : The application '/home/adadek/workspace/SoC_Design/vivado/soc_project.sdk/Project/Debug/Project.elf' is downloaded to processor 'ps7_cortexa9_0'.
14:48:10 INFO  : 'configparams force-mem-access 0' command is executed.
14:48:10 INFO  : ----------------XSDB Script----------------
connect -url tcp:127.0.0.1:3121
source /home/adadek/workspace/SoC_Design/vivado/soc_project.sdk/soc_project_wrapper_hw_platform_0/ps7_init.tcl
targets -set -nocase -filter {name =~"APU*" && jtag_cable_name =~ "Digilent Zed 210248570950"} -index 0
loadhw -hw /home/adadek/workspace/SoC_Design/vivado/soc_project.sdk/soc_project_wrapper_hw_platform_0/system.hdf -mem-ranges [list {0x40000000 0xbfffffff}]
configparams force-mem-access 1
targets -set -nocase -filter {name =~"APU*" && jtag_cable_name =~ "Digilent Zed 210248570950"} -index 0
stop
ps7_init
ps7_post_config
targets -set -nocase -filter {name =~ "ARM*#0" && jtag_cable_name =~ "Digilent Zed 210248570950"} -index 0
rst -processor
targets -set -nocase -filter {name =~ "ARM*#0" && jtag_cable_name =~ "Digilent Zed 210248570950"} -index 0
dow /home/adadek/workspace/SoC_Design/vivado/soc_project.sdk/Project/Debug/Project.elf
configparams force-mem-access 0
----------------End of Script----------------

14:48:10 INFO  : Memory regions updated for context APU
14:48:10 INFO  : Context for processor 'ps7_cortexa9_0' is selected.
14:48:10 INFO  : 'con' command is executed.
14:48:10 INFO  : ----------------XSDB Script (After Launch)----------------
targets -set -nocase -filter {name =~ "ARM*#0" && jtag_cable_name =~ "Digilent Zed 210248570950"} -index 0
con
----------------End of Script----------------

14:48:10 INFO  : Launch script is exported to file '/home/adadek/workspace/SoC_Design/vivado/soc_project.sdk/.sdk/launch_scripts/xilinx_c-c++_application_(system_debugger)/system_debugger_using_debug_project.elf_on_local.tcl'
14:59:16 INFO  : Disconnected from the channel tcfchan#10.
14:59:17 INFO  : 'targets -set -filter {jtag_cable_name =~ "Digilent Zed 210248570950" && level==0} -index 1' command is executed.
14:59:17 INFO  : 'fpga -state' command is executed.
14:59:17 INFO  : Connected to target on host '127.0.0.1' and port '3121'.
14:59:17 INFO  : Jtag cable 'Digilent Zed 210248570950' is selected.
14:59:17 INFO  : 'jtag frequency' command is executed.
14:59:17 INFO  : Sourcing of '/home/adadek/workspace/SoC_Design/vivado/soc_project.sdk/soc_project_wrapper_hw_platform_0/ps7_init.tcl' is done.
14:59:17 INFO  : Context for 'APU' is selected.
14:59:19 INFO  : Hardware design information is loaded from '/home/adadek/workspace/SoC_Design/vivado/soc_project.sdk/soc_project_wrapper_hw_platform_0/system.hdf'.
14:59:19 INFO  : 'configparams force-mem-access 1' command is executed.
14:59:19 INFO  : Context for 'APU' is selected.
14:59:19 INFO  : 'stop' command is executed.
14:59:19 INFO  : 'ps7_init' command is executed.
14:59:19 INFO  : 'ps7_post_config' command is executed.
14:59:19 INFO  : Context for processor 'ps7_cortexa9_0' is selected.
14:59:19 INFO  : Processor reset is completed for 'ps7_cortexa9_0'.
14:59:19 INFO  : Context for processor 'ps7_cortexa9_0' is selected.
14:59:19 INFO  : The application '/home/adadek/workspace/SoC_Design/vivado/soc_project.sdk/Project/Debug/Project.elf' is downloaded to processor 'ps7_cortexa9_0'.
14:59:19 INFO  : 'configparams force-mem-access 0' command is executed.
14:59:19 INFO  : ----------------XSDB Script----------------
connect -url tcp:127.0.0.1:3121
source /home/adadek/workspace/SoC_Design/vivado/soc_project.sdk/soc_project_wrapper_hw_platform_0/ps7_init.tcl
targets -set -nocase -filter {name =~"APU*" && jtag_cable_name =~ "Digilent Zed 210248570950"} -index 0
loadhw -hw /home/adadek/workspace/SoC_Design/vivado/soc_project.sdk/soc_project_wrapper_hw_platform_0/system.hdf -mem-ranges [list {0x40000000 0xbfffffff}]
configparams force-mem-access 1
targets -set -nocase -filter {name =~"APU*" && jtag_cable_name =~ "Digilent Zed 210248570950"} -index 0
stop
ps7_init
ps7_post_config
targets -set -nocase -filter {name =~ "ARM*#0" && jtag_cable_name =~ "Digilent Zed 210248570950"} -index 0
rst -processor
targets -set -nocase -filter {name =~ "ARM*#0" && jtag_cable_name =~ "Digilent Zed 210248570950"} -index 0
dow /home/adadek/workspace/SoC_Design/vivado/soc_project.sdk/Project/Debug/Project.elf
configparams force-mem-access 0
----------------End of Script----------------

14:59:19 INFO  : Memory regions updated for context APU
14:59:19 INFO  : Context for processor 'ps7_cortexa9_0' is selected.
14:59:19 INFO  : 'con' command is executed.
14:59:19 INFO  : ----------------XSDB Script (After Launch)----------------
targets -set -nocase -filter {name =~ "ARM*#0" && jtag_cable_name =~ "Digilent Zed 210248570950"} -index 0
con
----------------End of Script----------------

14:59:19 INFO  : Launch script is exported to file '/home/adadek/workspace/SoC_Design/vivado/soc_project.sdk/.sdk/launch_scripts/xilinx_c-c++_application_(system_debugger)/system_debugger_using_debug_project.elf_on_local.tcl'
14:59:52 INFO  : Disconnected from the channel tcfchan#11.
14:59:53 INFO  : 'targets -set -filter {jtag_cable_name =~ "Digilent Zed 210248570950" && level==0} -index 1' command is executed.
14:59:53 INFO  : 'fpga -state' command is executed.
14:59:53 INFO  : Connected to target on host '127.0.0.1' and port '3121'.
14:59:53 INFO  : Jtag cable 'Digilent Zed 210248570950' is selected.
14:59:53 INFO  : 'jtag frequency' command is executed.
14:59:53 INFO  : Sourcing of '/home/adadek/workspace/SoC_Design/vivado/soc_project.sdk/soc_project_wrapper_hw_platform_0/ps7_init.tcl' is done.
14:59:53 INFO  : Context for 'APU' is selected.
14:59:54 INFO  : Hardware design information is loaded from '/home/adadek/workspace/SoC_Design/vivado/soc_project.sdk/soc_project_wrapper_hw_platform_0/system.hdf'.
14:59:54 INFO  : 'configparams force-mem-access 1' command is executed.
14:59:54 INFO  : Context for 'APU' is selected.
14:59:54 INFO  : 'stop' command is executed.
14:59:54 INFO  : 'ps7_init' command is executed.
14:59:54 INFO  : 'ps7_post_config' command is executed.
14:59:54 INFO  : Context for processor 'ps7_cortexa9_0' is selected.
14:59:55 INFO  : Processor reset is completed for 'ps7_cortexa9_0'.
14:59:55 INFO  : Context for processor 'ps7_cortexa9_0' is selected.
14:59:55 INFO  : The application '/home/adadek/workspace/SoC_Design/vivado/soc_project.sdk/Project/Debug/Project.elf' is downloaded to processor 'ps7_cortexa9_0'.
14:59:55 INFO  : 'configparams force-mem-access 0' command is executed.
14:59:55 INFO  : ----------------XSDB Script----------------
connect -url tcp:127.0.0.1:3121
source /home/adadek/workspace/SoC_Design/vivado/soc_project.sdk/soc_project_wrapper_hw_platform_0/ps7_init.tcl
targets -set -nocase -filter {name =~"APU*" && jtag_cable_name =~ "Digilent Zed 210248570950"} -index 0
loadhw -hw /home/adadek/workspace/SoC_Design/vivado/soc_project.sdk/soc_project_wrapper_hw_platform_0/system.hdf -mem-ranges [list {0x40000000 0xbfffffff}]
configparams force-mem-access 1
targets -set -nocase -filter {name =~"APU*" && jtag_cable_name =~ "Digilent Zed 210248570950"} -index 0
stop
ps7_init
ps7_post_config
targets -set -nocase -filter {name =~ "ARM*#0" && jtag_cable_name =~ "Digilent Zed 210248570950"} -index 0
rst -processor
targets -set -nocase -filter {name =~ "ARM*#0" && jtag_cable_name =~ "Digilent Zed 210248570950"} -index 0
dow /home/adadek/workspace/SoC_Design/vivado/soc_project.sdk/Project/Debug/Project.elf
configparams force-mem-access 0
----------------End of Script----------------

14:59:55 INFO  : Memory regions updated for context APU
14:59:55 INFO  : Context for processor 'ps7_cortexa9_0' is selected.
14:59:55 INFO  : 'con' command is executed.
14:59:55 INFO  : ----------------XSDB Script (After Launch)----------------
targets -set -nocase -filter {name =~ "ARM*#0" && jtag_cable_name =~ "Digilent Zed 210248570950"} -index 0
con
----------------End of Script----------------

14:59:55 INFO  : Launch script is exported to file '/home/adadek/workspace/SoC_Design/vivado/soc_project.sdk/.sdk/launch_scripts/xilinx_c-c++_application_(system_debugger)/system_debugger_using_debug_project.elf_on_local.tcl'
15:00:41 INFO  : Connected to target on host '127.0.0.1' and port '3121'.
15:00:41 INFO  : 'targets -set -filter {jtag_cable_name =~ "Digilent Zed 210248570950" && level==0} -index 1' command is executed.
15:00:47 INFO  : FPGA configured successfully with bitstream "/home/adadek/workspace/SoC_Design/vivado/soc_project.sdk/soc_project_wrapper_hw_platform_0/soc_project_wrapper.bit"
15:00:56 INFO  : Disconnected from the channel tcfchan#12.
15:00:57 INFO  : 'targets -set -filter {jtag_cable_name =~ "Digilent Zed 210248570950" && level==0} -index 1' command is executed.
15:00:57 INFO  : 'fpga -state' command is executed.
15:00:57 INFO  : Connected to target on host '127.0.0.1' and port '3121'.
15:00:57 INFO  : Jtag cable 'Digilent Zed 210248570950' is selected.
15:00:57 INFO  : 'jtag frequency' command is executed.
15:00:57 INFO  : Sourcing of '/home/adadek/workspace/SoC_Design/vivado/soc_project.sdk/soc_project_wrapper_hw_platform_0/ps7_init.tcl' is done.
15:00:57 INFO  : Context for 'APU' is selected.
15:00:58 INFO  : Hardware design information is loaded from '/home/adadek/workspace/SoC_Design/vivado/soc_project.sdk/soc_project_wrapper_hw_platform_0/system.hdf'.
15:00:58 INFO  : 'configparams force-mem-access 1' command is executed.
15:00:58 INFO  : Context for 'APU' is selected.
15:00:58 INFO  : 'stop' command is executed.
15:00:58 INFO  : 'ps7_init' command is executed.
15:00:58 INFO  : 'ps7_post_config' command is executed.
15:00:58 INFO  : Context for processor 'ps7_cortexa9_0' is selected.
15:00:58 INFO  : Processor reset is completed for 'ps7_cortexa9_0'.
15:00:58 INFO  : Context for processor 'ps7_cortexa9_0' is selected.
15:00:59 INFO  : The application '/home/adadek/workspace/SoC_Design/vivado/soc_project.sdk/Project/Debug/Project.elf' is downloaded to processor 'ps7_cortexa9_0'.
15:00:59 INFO  : 'configparams force-mem-access 0' command is executed.
15:00:59 INFO  : ----------------XSDB Script----------------
connect -url tcp:127.0.0.1:3121
source /home/adadek/workspace/SoC_Design/vivado/soc_project.sdk/soc_project_wrapper_hw_platform_0/ps7_init.tcl
targets -set -nocase -filter {name =~"APU*" && jtag_cable_name =~ "Digilent Zed 210248570950"} -index 0
loadhw -hw /home/adadek/workspace/SoC_Design/vivado/soc_project.sdk/soc_project_wrapper_hw_platform_0/system.hdf -mem-ranges [list {0x40000000 0xbfffffff}]
configparams force-mem-access 1
targets -set -nocase -filter {name =~"APU*" && jtag_cable_name =~ "Digilent Zed 210248570950"} -index 0
stop
ps7_init
ps7_post_config
targets -set -nocase -filter {name =~ "ARM*#0" && jtag_cable_name =~ "Digilent Zed 210248570950"} -index 0
rst -processor
targets -set -nocase -filter {name =~ "ARM*#0" && jtag_cable_name =~ "Digilent Zed 210248570950"} -index 0
dow /home/adadek/workspace/SoC_Design/vivado/soc_project.sdk/Project/Debug/Project.elf
configparams force-mem-access 0
----------------End of Script----------------

15:00:59 INFO  : Memory regions updated for context APU
15:00:59 INFO  : Context for processor 'ps7_cortexa9_0' is selected.
15:00:59 INFO  : 'con' command is executed.
15:00:59 INFO  : ----------------XSDB Script (After Launch)----------------
targets -set -nocase -filter {name =~ "ARM*#0" && jtag_cable_name =~ "Digilent Zed 210248570950"} -index 0
con
----------------End of Script----------------

15:00:59 INFO  : Launch script is exported to file '/home/adadek/workspace/SoC_Design/vivado/soc_project.sdk/.sdk/launch_scripts/xilinx_c-c++_application_(system_debugger)/system_debugger_using_debug_project.elf_on_local.tcl'
15:02:04 INFO  : Disconnected from the channel tcfchan#13.
15:02:05 INFO  : 'targets -set -filter {jtag_cable_name =~ "Digilent Zed 210248570950" && level==0} -index 1' command is executed.
15:02:05 INFO  : 'fpga -state' command is executed.
15:02:05 INFO  : Connected to target on host '127.0.0.1' and port '3121'.
15:02:05 INFO  : Jtag cable 'Digilent Zed 210248570950' is selected.
15:02:05 INFO  : 'jtag frequency' command is executed.
15:02:05 INFO  : Sourcing of '/home/adadek/workspace/SoC_Design/vivado/soc_project.sdk/soc_project_wrapper_hw_platform_0/ps7_init.tcl' is done.
15:02:05 INFO  : Context for 'APU' is selected.
15:02:06 INFO  : Hardware design information is loaded from '/home/adadek/workspace/SoC_Design/vivado/soc_project.sdk/soc_project_wrapper_hw_platform_0/system.hdf'.
15:02:06 INFO  : 'configparams force-mem-access 1' command is executed.
15:02:06 INFO  : Context for 'APU' is selected.
15:02:06 INFO  : 'stop' command is executed.
15:02:06 INFO  : 'ps7_init' command is executed.
15:02:06 INFO  : 'ps7_post_config' command is executed.
15:02:07 INFO  : Context for processor 'ps7_cortexa9_0' is selected.
15:02:07 INFO  : Processor reset is completed for 'ps7_cortexa9_0'.
15:02:07 INFO  : Context for processor 'ps7_cortexa9_0' is selected.
15:02:07 INFO  : The application '/home/adadek/workspace/SoC_Design/vivado/soc_project.sdk/Project/Debug/Project.elf' is downloaded to processor 'ps7_cortexa9_0'.
15:02:07 INFO  : 'configparams force-mem-access 0' command is executed.
15:02:07 INFO  : ----------------XSDB Script----------------
connect -url tcp:127.0.0.1:3121
source /home/adadek/workspace/SoC_Design/vivado/soc_project.sdk/soc_project_wrapper_hw_platform_0/ps7_init.tcl
targets -set -nocase -filter {name =~"APU*" && jtag_cable_name =~ "Digilent Zed 210248570950"} -index 0
loadhw -hw /home/adadek/workspace/SoC_Design/vivado/soc_project.sdk/soc_project_wrapper_hw_platform_0/system.hdf -mem-ranges [list {0x40000000 0xbfffffff}]
configparams force-mem-access 1
targets -set -nocase -filter {name =~"APU*" && jtag_cable_name =~ "Digilent Zed 210248570950"} -index 0
stop
ps7_init
ps7_post_config
targets -set -nocase -filter {name =~ "ARM*#0" && jtag_cable_name =~ "Digilent Zed 210248570950"} -index 0
rst -processor
targets -set -nocase -filter {name =~ "ARM*#0" && jtag_cable_name =~ "Digilent Zed 210248570950"} -index 0
dow /home/adadek/workspace/SoC_Design/vivado/soc_project.sdk/Project/Debug/Project.elf
configparams force-mem-access 0
----------------End of Script----------------

15:02:07 INFO  : Memory regions updated for context APU
15:02:07 INFO  : Context for processor 'ps7_cortexa9_0' is selected.
15:02:07 INFO  : 'con' command is executed.
15:02:07 INFO  : ----------------XSDB Script (After Launch)----------------
targets -set -nocase -filter {name =~ "ARM*#0" && jtag_cable_name =~ "Digilent Zed 210248570950"} -index 0
con
----------------End of Script----------------

15:02:07 INFO  : Launch script is exported to file '/home/adadek/workspace/SoC_Design/vivado/soc_project.sdk/.sdk/launch_scripts/xilinx_c-c++_application_(system_debugger)/system_debugger_using_debug_project.elf_on_local.tcl'
15:06:19 INFO  : Disconnected from the channel tcfchan#14.
15:06:20 INFO  : 'targets -set -filter {jtag_cable_name =~ "Digilent Zed 210248570950" && level==0} -index 1' command is executed.
15:06:20 INFO  : 'fpga -state' command is executed.
15:06:20 INFO  : Connected to target on host '127.0.0.1' and port '3121'.
15:06:20 INFO  : Jtag cable 'Digilent Zed 210248570950' is selected.
15:06:20 INFO  : 'jtag frequency' command is executed.
15:06:20 INFO  : Sourcing of '/home/adadek/workspace/SoC_Design/vivado/soc_project.sdk/soc_project_wrapper_hw_platform_0/ps7_init.tcl' is done.
15:06:20 INFO  : Context for 'APU' is selected.
15:06:21 INFO  : Hardware design information is loaded from '/home/adadek/workspace/SoC_Design/vivado/soc_project.sdk/soc_project_wrapper_hw_platform_0/system.hdf'.
15:06:21 INFO  : 'configparams force-mem-access 1' command is executed.
15:06:21 INFO  : Context for 'APU' is selected.
15:06:21 INFO  : 'stop' command is executed.
15:06:22 INFO  : 'ps7_init' command is executed.
15:06:22 INFO  : 'ps7_post_config' command is executed.
15:06:22 INFO  : Context for processor 'ps7_cortexa9_0' is selected.
15:06:22 INFO  : Processor reset is completed for 'ps7_cortexa9_0'.
15:06:22 INFO  : Context for processor 'ps7_cortexa9_0' is selected.
15:06:22 INFO  : The application '/home/adadek/workspace/SoC_Design/vivado/soc_project.sdk/Project/Debug/Project.elf' is downloaded to processor 'ps7_cortexa9_0'.
15:06:22 INFO  : 'configparams force-mem-access 0' command is executed.
15:06:22 INFO  : ----------------XSDB Script----------------
connect -url tcp:127.0.0.1:3121
source /home/adadek/workspace/SoC_Design/vivado/soc_project.sdk/soc_project_wrapper_hw_platform_0/ps7_init.tcl
targets -set -nocase -filter {name =~"APU*" && jtag_cable_name =~ "Digilent Zed 210248570950"} -index 0
loadhw -hw /home/adadek/workspace/SoC_Design/vivado/soc_project.sdk/soc_project_wrapper_hw_platform_0/system.hdf -mem-ranges [list {0x40000000 0xbfffffff}]
configparams force-mem-access 1
targets -set -nocase -filter {name =~"APU*" && jtag_cable_name =~ "Digilent Zed 210248570950"} -index 0
stop
ps7_init
ps7_post_config
targets -set -nocase -filter {name =~ "ARM*#0" && jtag_cable_name =~ "Digilent Zed 210248570950"} -index 0
rst -processor
targets -set -nocase -filter {name =~ "ARM*#0" && jtag_cable_name =~ "Digilent Zed 210248570950"} -index 0
dow /home/adadek/workspace/SoC_Design/vivado/soc_project.sdk/Project/Debug/Project.elf
configparams force-mem-access 0
----------------End of Script----------------

15:06:22 INFO  : Memory regions updated for context APU
15:06:22 INFO  : Context for processor 'ps7_cortexa9_0' is selected.
15:06:22 INFO  : 'con' command is executed.
15:06:22 INFO  : ----------------XSDB Script (After Launch)----------------
targets -set -nocase -filter {name =~ "ARM*#0" && jtag_cable_name =~ "Digilent Zed 210248570950"} -index 0
con
----------------End of Script----------------

15:06:22 INFO  : Launch script is exported to file '/home/adadek/workspace/SoC_Design/vivado/soc_project.sdk/.sdk/launch_scripts/xilinx_c-c++_application_(system_debugger)/system_debugger_using_debug_project.elf_on_local.tcl'
15:08:25 INFO  : Disconnected from the channel tcfchan#15.
15:08:26 INFO  : 'targets -set -filter {jtag_cable_name =~ "Digilent Zed 210248570950" && level==0} -index 1' command is executed.
15:08:26 INFO  : 'fpga -state' command is executed.
15:08:26 INFO  : Connected to target on host '127.0.0.1' and port '3121'.
15:08:26 INFO  : Jtag cable 'Digilent Zed 210248570950' is selected.
15:08:26 INFO  : 'jtag frequency' command is executed.
15:08:26 INFO  : Sourcing of '/home/adadek/workspace/SoC_Design/vivado/soc_project.sdk/soc_project_wrapper_hw_platform_0/ps7_init.tcl' is done.
15:08:26 INFO  : Context for 'APU' is selected.
15:08:27 INFO  : Hardware design information is loaded from '/home/adadek/workspace/SoC_Design/vivado/soc_project.sdk/soc_project_wrapper_hw_platform_0/system.hdf'.
15:08:27 INFO  : 'configparams force-mem-access 1' command is executed.
15:08:28 INFO  : Context for 'APU' is selected.
15:08:28 INFO  : 'stop' command is executed.
15:08:28 INFO  : 'ps7_init' command is executed.
15:08:28 INFO  : 'ps7_post_config' command is executed.
15:08:28 INFO  : Context for processor 'ps7_cortexa9_0' is selected.
15:08:28 INFO  : Processor reset is completed for 'ps7_cortexa9_0'.
15:08:28 INFO  : Context for processor 'ps7_cortexa9_0' is selected.
15:08:28 INFO  : The application '/home/adadek/workspace/SoC_Design/vivado/soc_project.sdk/Project/Debug/Project.elf' is downloaded to processor 'ps7_cortexa9_0'.
15:08:28 INFO  : 'configparams force-mem-access 0' command is executed.
15:08:28 INFO  : ----------------XSDB Script----------------
connect -url tcp:127.0.0.1:3121
source /home/adadek/workspace/SoC_Design/vivado/soc_project.sdk/soc_project_wrapper_hw_platform_0/ps7_init.tcl
targets -set -nocase -filter {name =~"APU*" && jtag_cable_name =~ "Digilent Zed 210248570950"} -index 0
loadhw -hw /home/adadek/workspace/SoC_Design/vivado/soc_project.sdk/soc_project_wrapper_hw_platform_0/system.hdf -mem-ranges [list {0x40000000 0xbfffffff}]
configparams force-mem-access 1
targets -set -nocase -filter {name =~"APU*" && jtag_cable_name =~ "Digilent Zed 210248570950"} -index 0
stop
ps7_init
ps7_post_config
targets -set -nocase -filter {name =~ "ARM*#0" && jtag_cable_name =~ "Digilent Zed 210248570950"} -index 0
rst -processor
targets -set -nocase -filter {name =~ "ARM*#0" && jtag_cable_name =~ "Digilent Zed 210248570950"} -index 0
dow /home/adadek/workspace/SoC_Design/vivado/soc_project.sdk/Project/Debug/Project.elf
configparams force-mem-access 0
----------------End of Script----------------

15:08:28 INFO  : Memory regions updated for context APU
15:08:28 INFO  : Context for processor 'ps7_cortexa9_0' is selected.
15:08:28 INFO  : 'con' command is executed.
15:08:28 INFO  : ----------------XSDB Script (After Launch)----------------
targets -set -nocase -filter {name =~ "ARM*#0" && jtag_cable_name =~ "Digilent Zed 210248570950"} -index 0
con
----------------End of Script----------------

15:08:28 INFO  : Launch script is exported to file '/home/adadek/workspace/SoC_Design/vivado/soc_project.sdk/.sdk/launch_scripts/xilinx_c-c++_application_(system_debugger)/system_debugger_using_debug_project.elf_on_local.tcl'
15:09:11 INFO  : Disconnected from the channel tcfchan#16.
15:09:12 INFO  : 'targets -set -filter {jtag_cable_name =~ "Digilent Zed 210248570950" && level==0} -index 1' command is executed.
15:09:12 INFO  : 'fpga -state' command is executed.
15:09:12 INFO  : Connected to target on host '127.0.0.1' and port '3121'.
15:09:12 INFO  : Jtag cable 'Digilent Zed 210248570950' is selected.
15:09:12 INFO  : 'jtag frequency' command is executed.
15:09:12 INFO  : Sourcing of '/home/adadek/workspace/SoC_Design/vivado/soc_project.sdk/soc_project_wrapper_hw_platform_0/ps7_init.tcl' is done.
15:09:12 INFO  : Context for 'APU' is selected.
15:09:14 INFO  : Hardware design information is loaded from '/home/adadek/workspace/SoC_Design/vivado/soc_project.sdk/soc_project_wrapper_hw_platform_0/system.hdf'.
15:09:14 INFO  : 'configparams force-mem-access 1' command is executed.
15:09:14 INFO  : Context for 'APU' is selected.
15:09:14 INFO  : 'stop' command is executed.
15:09:14 INFO  : 'ps7_init' command is executed.
15:09:14 INFO  : 'ps7_post_config' command is executed.
15:09:14 INFO  : Context for processor 'ps7_cortexa9_0' is selected.
15:09:14 INFO  : Processor reset is completed for 'ps7_cortexa9_0'.
15:09:14 INFO  : Context for processor 'ps7_cortexa9_0' is selected.
15:09:14 INFO  : The application '/home/adadek/workspace/SoC_Design/vivado/soc_project.sdk/Project/Debug/Project.elf' is downloaded to processor 'ps7_cortexa9_0'.
15:09:14 INFO  : 'configparams force-mem-access 0' command is executed.
15:09:14 INFO  : ----------------XSDB Script----------------
connect -url tcp:127.0.0.1:3121
source /home/adadek/workspace/SoC_Design/vivado/soc_project.sdk/soc_project_wrapper_hw_platform_0/ps7_init.tcl
targets -set -nocase -filter {name =~"APU*" && jtag_cable_name =~ "Digilent Zed 210248570950"} -index 0
loadhw -hw /home/adadek/workspace/SoC_Design/vivado/soc_project.sdk/soc_project_wrapper_hw_platform_0/system.hdf -mem-ranges [list {0x40000000 0xbfffffff}]
configparams force-mem-access 1
targets -set -nocase -filter {name =~"APU*" && jtag_cable_name =~ "Digilent Zed 210248570950"} -index 0
stop
ps7_init
ps7_post_config
targets -set -nocase -filter {name =~ "ARM*#0" && jtag_cable_name =~ "Digilent Zed 210248570950"} -index 0
rst -processor
targets -set -nocase -filter {name =~ "ARM*#0" && jtag_cable_name =~ "Digilent Zed 210248570950"} -index 0
dow /home/adadek/workspace/SoC_Design/vivado/soc_project.sdk/Project/Debug/Project.elf
configparams force-mem-access 0
----------------End of Script----------------

15:09:14 INFO  : Memory regions updated for context APU
15:09:14 INFO  : Context for processor 'ps7_cortexa9_0' is selected.
15:09:14 INFO  : 'con' command is executed.
15:09:14 INFO  : ----------------XSDB Script (After Launch)----------------
targets -set -nocase -filter {name =~ "ARM*#0" && jtag_cable_name =~ "Digilent Zed 210248570950"} -index 0
con
----------------End of Script----------------

15:09:14 INFO  : Launch script is exported to file '/home/adadek/workspace/SoC_Design/vivado/soc_project.sdk/.sdk/launch_scripts/xilinx_c-c++_application_(system_debugger)/system_debugger_using_debug_project.elf_on_local.tcl'
