
*** Running vivado
    with args -log soc_project_xbar_0.vds -m64 -product Vivado -mode batch -messageDb vivado.pb -notrace -source soc_project_xbar_0.tcl


****** Vivado v2017.3 (64-bit)
  **** SW Build 2018833 on Wed Oct  4 19:58:07 MDT 2017
  **** IP Build 2016188 on Wed Oct  4 21:52:56 MDT 2017
    ** Copyright 1986-2017 Xilinx, Inc. All Rights Reserved.

source soc_project_xbar_0.tcl -notrace
Starting RTL Elaboration : Time (s): cpu = 00:00:09 ; elapsed = 00:00:22 . Memory (MB): peak = 1323.969 ; gain = 84.004 ; free physical = 190 ; free virtual = 12832
INFO: [Synth 8-638] synthesizing module 'soc_project_xbar_0' [/home/adadek/workspace/SoC_Design/vivado/soc_project.srcs/sources_1/bd/soc_project/ip/soc_project_xbar_0/synth/soc_project_xbar_0.v:59]
INFO: [Synth 8-638] synthesizing module 'axi_crossbar_v2_1_15_axi_crossbar' [/home/adadek/workspace/SoC_Design/vivado/soc_project.srcs/sources_1/bd/soc_project/ipshared/a1b8/hdl/axi_crossbar_v2_1_vl_rfs.v:4882]
INFO: [Synth 8-638] synthesizing module 'axi_crossbar_v2_1_15_crossbar_sasd' [/home/adadek/workspace/SoC_Design/vivado/soc_project.srcs/sources_1/bd/soc_project/ipshared/a1b8/hdl/axi_crossbar_v2_1_vl_rfs.v:1240]
INFO: [Synth 8-638] synthesizing module 'axi_crossbar_v2_1_15_addr_decoder' [/home/adadek/workspace/SoC_Design/vivado/soc_project.srcs/sources_1/bd/soc_project/ipshared/a1b8/hdl/axi_crossbar_v2_1_vl_rfs.v:794]
INFO: [Synth 8-638] synthesizing module 'generic_baseblocks_v2_1_0_comparator_static' [/home/adadek/workspace/SoC_Design/vivado/soc_project.srcs/sources_1/bd/soc_project/ipshared/b752/hdl/generic_baseblocks_v2_1_vl_rfs.v:2133]
INFO: [Synth 8-638] synthesizing module 'generic_baseblocks_v2_1_0_carry_and' [/home/adadek/workspace/SoC_Design/vivado/soc_project.srcs/sources_1/bd/soc_project/ipshared/b752/hdl/generic_baseblocks_v2_1_vl_rfs.v:62]
INFO: [Synth 8-256] done synthesizing module 'generic_baseblocks_v2_1_0_carry_and' (1#1) [/home/adadek/workspace/SoC_Design/vivado/soc_project.srcs/sources_1/bd/soc_project/ipshared/b752/hdl/generic_baseblocks_v2_1_vl_rfs.v:62]
INFO: [Synth 8-256] done synthesizing module 'generic_baseblocks_v2_1_0_comparator_static' (2#1) [/home/adadek/workspace/SoC_Design/vivado/soc_project.srcs/sources_1/bd/soc_project/ipshared/b752/hdl/generic_baseblocks_v2_1_vl_rfs.v:2133]
INFO: [Synth 8-638] synthesizing module 'generic_baseblocks_v2_1_0_comparator_static__parameterized0' [/home/adadek/workspace/SoC_Design/vivado/soc_project.srcs/sources_1/bd/soc_project/ipshared/b752/hdl/generic_baseblocks_v2_1_vl_rfs.v:2133]
INFO: [Synth 8-256] done synthesizing module 'generic_baseblocks_v2_1_0_comparator_static__parameterized0' (2#1) [/home/adadek/workspace/SoC_Design/vivado/soc_project.srcs/sources_1/bd/soc_project/ipshared/b752/hdl/generic_baseblocks_v2_1_vl_rfs.v:2133]
INFO: [Synth 8-638] synthesizing module 'generic_baseblocks_v2_1_0_comparator_static__parameterized1' [/home/adadek/workspace/SoC_Design/vivado/soc_project.srcs/sources_1/bd/soc_project/ipshared/b752/hdl/generic_baseblocks_v2_1_vl_rfs.v:2133]
INFO: [Synth 8-256] done synthesizing module 'generic_baseblocks_v2_1_0_comparator_static__parameterized1' (2#1) [/home/adadek/workspace/SoC_Design/vivado/soc_project.srcs/sources_1/bd/soc_project/ipshared/b752/hdl/generic_baseblocks_v2_1_vl_rfs.v:2133]
INFO: [Synth 8-638] synthesizing module 'generic_baseblocks_v2_1_0_comparator_static__parameterized2' [/home/adadek/workspace/SoC_Design/vivado/soc_project.srcs/sources_1/bd/soc_project/ipshared/b752/hdl/generic_baseblocks_v2_1_vl_rfs.v:2133]
INFO: [Synth 8-256] done synthesizing module 'generic_baseblocks_v2_1_0_comparator_static__parameterized2' (2#1) [/home/adadek/workspace/SoC_Design/vivado/soc_project.srcs/sources_1/bd/soc_project/ipshared/b752/hdl/generic_baseblocks_v2_1_vl_rfs.v:2133]
INFO: [Synth 8-638] synthesizing module 'generic_baseblocks_v2_1_0_comparator_static__parameterized3' [/home/adadek/workspace/SoC_Design/vivado/soc_project.srcs/sources_1/bd/soc_project/ipshared/b752/hdl/generic_baseblocks_v2_1_vl_rfs.v:2133]
INFO: [Synth 8-256] done synthesizing module 'generic_baseblocks_v2_1_0_comparator_static__parameterized3' (2#1) [/home/adadek/workspace/SoC_Design/vivado/soc_project.srcs/sources_1/bd/soc_project/ipshared/b752/hdl/generic_baseblocks_v2_1_vl_rfs.v:2133]
INFO: [Synth 8-638] synthesizing module 'generic_baseblocks_v2_1_0_comparator_static__parameterized4' [/home/adadek/workspace/SoC_Design/vivado/soc_project.srcs/sources_1/bd/soc_project/ipshared/b752/hdl/generic_baseblocks_v2_1_vl_rfs.v:2133]
INFO: [Synth 8-256] done synthesizing module 'generic_baseblocks_v2_1_0_comparator_static__parameterized4' (2#1) [/home/adadek/workspace/SoC_Design/vivado/soc_project.srcs/sources_1/bd/soc_project/ipshared/b752/hdl/generic_baseblocks_v2_1_vl_rfs.v:2133]
INFO: [Synth 8-638] synthesizing module 'generic_baseblocks_v2_1_0_comparator_static__parameterized5' [/home/adadek/workspace/SoC_Design/vivado/soc_project.srcs/sources_1/bd/soc_project/ipshared/b752/hdl/generic_baseblocks_v2_1_vl_rfs.v:2133]
INFO: [Synth 8-256] done synthesizing module 'generic_baseblocks_v2_1_0_comparator_static__parameterized5' (2#1) [/home/adadek/workspace/SoC_Design/vivado/soc_project.srcs/sources_1/bd/soc_project/ipshared/b752/hdl/generic_baseblocks_v2_1_vl_rfs.v:2133]
INFO: [Synth 8-638] synthesizing module 'generic_baseblocks_v2_1_0_comparator_static__parameterized6' [/home/adadek/workspace/SoC_Design/vivado/soc_project.srcs/sources_1/bd/soc_project/ipshared/b752/hdl/generic_baseblocks_v2_1_vl_rfs.v:2133]
INFO: [Synth 8-256] done synthesizing module 'generic_baseblocks_v2_1_0_comparator_static__parameterized6' (2#1) [/home/adadek/workspace/SoC_Design/vivado/soc_project.srcs/sources_1/bd/soc_project/ipshared/b752/hdl/generic_baseblocks_v2_1_vl_rfs.v:2133]
INFO: [Synth 8-256] done synthesizing module 'axi_crossbar_v2_1_15_addr_decoder' (3#1) [/home/adadek/workspace/SoC_Design/vivado/soc_project.srcs/sources_1/bd/soc_project/ipshared/a1b8/hdl/axi_crossbar_v2_1_vl_rfs.v:794]
INFO: [Synth 8-638] synthesizing module 'axi_crossbar_v2_1_15_decerr_slave' [/home/adadek/workspace/SoC_Design/vivado/soc_project.srcs/sources_1/bd/soc_project/ipshared/a1b8/hdl/axi_crossbar_v2_1_vl_rfs.v:3500]
INFO: [Synth 8-256] done synthesizing module 'axi_crossbar_v2_1_15_decerr_slave' (4#1) [/home/adadek/workspace/SoC_Design/vivado/soc_project.srcs/sources_1/bd/soc_project/ipshared/a1b8/hdl/axi_crossbar_v2_1_vl_rfs.v:3500]
INFO: [Synth 8-638] synthesizing module 'axi_crossbar_v2_1_15_addr_arbiter_sasd' [/home/adadek/workspace/SoC_Design/vivado/soc_project.srcs/sources_1/bd/soc_project/ipshared/a1b8/hdl/axi_crossbar_v2_1_vl_rfs.v:65]
INFO: [Synth 8-256] done synthesizing module 'axi_crossbar_v2_1_15_addr_arbiter_sasd' (5#1) [/home/adadek/workspace/SoC_Design/vivado/soc_project.srcs/sources_1/bd/soc_project/ipshared/a1b8/hdl/axi_crossbar_v2_1_vl_rfs.v:65]
INFO: [Synth 8-638] synthesizing module 'axi_crossbar_v2_1_15_splitter' [/home/adadek/workspace/SoC_Design/vivado/soc_project.srcs/sources_1/bd/soc_project/ipshared/a1b8/hdl/axi_crossbar_v2_1_vl_rfs.v:4459]
INFO: [Synth 8-256] done synthesizing module 'axi_crossbar_v2_1_15_splitter' (6#1) [/home/adadek/workspace/SoC_Design/vivado/soc_project.srcs/sources_1/bd/soc_project/ipshared/a1b8/hdl/axi_crossbar_v2_1_vl_rfs.v:4459]
INFO: [Synth 8-638] synthesizing module 'axi_crossbar_v2_1_15_splitter__parameterized0' [/home/adadek/workspace/SoC_Design/vivado/soc_project.srcs/sources_1/bd/soc_project/ipshared/a1b8/hdl/axi_crossbar_v2_1_vl_rfs.v:4459]
INFO: [Synth 8-256] done synthesizing module 'axi_crossbar_v2_1_15_splitter__parameterized0' (6#1) [/home/adadek/workspace/SoC_Design/vivado/soc_project.srcs/sources_1/bd/soc_project/ipshared/a1b8/hdl/axi_crossbar_v2_1_vl_rfs.v:4459]
INFO: [Synth 8-638] synthesizing module 'generic_baseblocks_v2_1_0_mux_enc' [/home/adadek/workspace/SoC_Design/vivado/soc_project.srcs/sources_1/bd/soc_project/ipshared/b752/hdl/generic_baseblocks_v2_1_vl_rfs.v:2452]
INFO: [Synth 8-256] done synthesizing module 'generic_baseblocks_v2_1_0_mux_enc' (7#1) [/home/adadek/workspace/SoC_Design/vivado/soc_project.srcs/sources_1/bd/soc_project/ipshared/b752/hdl/generic_baseblocks_v2_1_vl_rfs.v:2452]
INFO: [Synth 8-638] synthesizing module 'generic_baseblocks_v2_1_0_mux_enc__parameterized0' [/home/adadek/workspace/SoC_Design/vivado/soc_project.srcs/sources_1/bd/soc_project/ipshared/b752/hdl/generic_baseblocks_v2_1_vl_rfs.v:2452]
INFO: [Synth 8-256] done synthesizing module 'generic_baseblocks_v2_1_0_mux_enc__parameterized0' (7#1) [/home/adadek/workspace/SoC_Design/vivado/soc_project.srcs/sources_1/bd/soc_project/ipshared/b752/hdl/generic_baseblocks_v2_1_vl_rfs.v:2452]
INFO: [Synth 8-638] synthesizing module 'generic_baseblocks_v2_1_0_mux_enc__parameterized1' [/home/adadek/workspace/SoC_Design/vivado/soc_project.srcs/sources_1/bd/soc_project/ipshared/b752/hdl/generic_baseblocks_v2_1_vl_rfs.v:2452]
INFO: [Synth 8-256] done synthesizing module 'generic_baseblocks_v2_1_0_mux_enc__parameterized1' (7#1) [/home/adadek/workspace/SoC_Design/vivado/soc_project.srcs/sources_1/bd/soc_project/ipshared/b752/hdl/generic_baseblocks_v2_1_vl_rfs.v:2452]
INFO: [Synth 8-638] synthesizing module 'axi_register_slice_v2_1_14_axic_register_slice' [/home/adadek/workspace/SoC_Design/vivado/soc_project.srcs/sources_1/bd/soc_project/ipshared/a259/hdl/axi_register_slice_v2_1_vl_rfs.v:189]
INFO: [Synth 8-256] done synthesizing module 'axi_register_slice_v2_1_14_axic_register_slice' (8#1) [/home/adadek/workspace/SoC_Design/vivado/soc_project.srcs/sources_1/bd/soc_project/ipshared/a259/hdl/axi_register_slice_v2_1_vl_rfs.v:189]
INFO: [Synth 8-638] synthesizing module 'generic_baseblocks_v2_1_0_mux_enc__parameterized2' [/home/adadek/workspace/SoC_Design/vivado/soc_project.srcs/sources_1/bd/soc_project/ipshared/b752/hdl/generic_baseblocks_v2_1_vl_rfs.v:2452]
INFO: [Synth 8-256] done synthesizing module 'generic_baseblocks_v2_1_0_mux_enc__parameterized2' (8#1) [/home/adadek/workspace/SoC_Design/vivado/soc_project.srcs/sources_1/bd/soc_project/ipshared/b752/hdl/generic_baseblocks_v2_1_vl_rfs.v:2452]
INFO: [Synth 8-256] done synthesizing module 'axi_crossbar_v2_1_15_crossbar_sasd' (9#1) [/home/adadek/workspace/SoC_Design/vivado/soc_project.srcs/sources_1/bd/soc_project/ipshared/a1b8/hdl/axi_crossbar_v2_1_vl_rfs.v:1240]
INFO: [Synth 8-256] done synthesizing module 'axi_crossbar_v2_1_15_axi_crossbar' (10#1) [/home/adadek/workspace/SoC_Design/vivado/soc_project.srcs/sources_1/bd/soc_project/ipshared/a1b8/hdl/axi_crossbar_v2_1_vl_rfs.v:4882]
INFO: [Synth 8-256] done synthesizing module 'soc_project_xbar_0' (11#1) [/home/adadek/workspace/SoC_Design/vivado/soc_project.srcs/sources_1/bd/soc_project/ip/soc_project_xbar_0/synth/soc_project_xbar_0.v:59]
Finished RTL Elaboration : Time (s): cpu = 00:00:14 ; elapsed = 00:00:40 . Memory (MB): peak = 1445.504 ; gain = 205.539 ; free physical = 276 ; free virtual = 12795
Finished RTL Optimization Phase 1 : Time (s): cpu = 00:00:14 ; elapsed = 00:00:40 . Memory (MB): peak = 1445.504 ; gain = 205.539 ; free physical = 261 ; free virtual = 12781
INFO: [Device 21-403] Loading part xc7z020clg484-1
Constraint Validation Runtime : Time (s): cpu = 00:00:00.03 ; elapsed = 00:00:00.05 . Memory (MB): peak = 1719.793 ; gain = 1.000 ; free physical = 593 ; free virtual = 12943
Finished Constraint Validation : Time (s): cpu = 00:00:29 ; elapsed = 00:01:19 . Memory (MB): peak = 1719.793 ; gain = 479.828 ; free physical = 698 ; free virtual = 13048
Finished Loading Part and Timing Information : Time (s): cpu = 00:00:29 ; elapsed = 00:01:19 . Memory (MB): peak = 1719.793 ; gain = 479.828 ; free physical = 698 ; free virtual = 13048
Finished applying 'set_property' XDC Constraints : Time (s): cpu = 00:00:29 ; elapsed = 00:01:19 . Memory (MB): peak = 1719.793 ; gain = 479.828 ; free physical = 700 ; free virtual = 13049
Finished RTL Optimization Phase 2 : Time (s): cpu = 00:00:29 ; elapsed = 00:01:19 . Memory (MB): peak = 1719.793 ; gain = 479.828 ; free physical = 693 ; free virtual = 13043
Finished Cross Boundary and Area Optimization : Time (s): cpu = 00:00:30 ; elapsed = 00:01:20 . Memory (MB): peak = 1719.793 ; gain = 479.828 ; free physical = 673 ; free virtual = 13022
Finished Applying XDC Timing Constraints : Time (s): cpu = 00:00:36 ; elapsed = 00:01:30 . Memory (MB): peak = 1719.793 ; gain = 479.828 ; free physical = 552 ; free virtual = 12902
Finished Timing Optimization : Time (s): cpu = 00:00:37 ; elapsed = 00:01:31 . Memory (MB): peak = 1722.793 ; gain = 482.828 ; free physical = 538 ; free virtual = 12888
Finished Technology Mapping : Time (s): cpu = 00:00:37 ; elapsed = 00:01:31 . Memory (MB): peak = 1730.801 ; gain = 490.836 ; free physical = 538 ; free virtual = 12887
Finished IO Insertion : Time (s): cpu = 00:00:37 ; elapsed = 00:01:31 . Memory (MB): peak = 1730.805 ; gain = 490.840 ; free physical = 538 ; free virtual = 12888
Finished Renaming Generated Instances : Time (s): cpu = 00:00:37 ; elapsed = 00:01:31 . Memory (MB): peak = 1730.805 ; gain = 490.840 ; free physical = 538 ; free virtual = 12888
Finished Rebuilding User Hierarchy : Time (s): cpu = 00:00:37 ; elapsed = 00:01:31 . Memory (MB): peak = 1730.805 ; gain = 490.840 ; free physical = 538 ; free virtual = 12888
Finished Renaming Generated Ports : Time (s): cpu = 00:00:37 ; elapsed = 00:01:31 . Memory (MB): peak = 1730.805 ; gain = 490.840 ; free physical = 538 ; free virtual = 12888
Finished Handling Custom Attributes : Time (s): cpu = 00:00:37 ; elapsed = 00:01:31 . Memory (MB): peak = 1730.805 ; gain = 490.840 ; free physical = 538 ; free virtual = 12888
Finished Renaming Generated Nets : Time (s): cpu = 00:00:37 ; elapsed = 00:01:31 . Memory (MB): peak = 1730.805 ; gain = 490.840 ; free physical = 538 ; free virtual = 12888

Report Cell Usage: 
+------+-----+------+
|      |Cell |Count |
+------+-----+------+
|1     |LUT1 |     2|
|2     |LUT2 |    17|
|3     |LUT3 |    46|
|4     |LUT4 |    75|
|5     |LUT5 |    72|
|6     |LUT6 |   150|
|7     |FDRE |   138|
+------+-----+------+
Finished Writing Synthesis Report : Time (s): cpu = 00:00:37 ; elapsed = 00:01:31 . Memory (MB): peak = 1730.805 ; gain = 490.840 ; free physical = 538 ; free virtual = 12888
synth_design: Time (s): cpu = 00:00:39 ; elapsed = 00:01:33 . Memory (MB): peak = 1731.801 ; gain = 517.656 ; free physical = 594 ; free virtual = 12944
